TN:
SF:src/api/db-router.ts
FNF:14
FNH:14
DA:12,69
DA:14,9
DA:15,52
DA:16,79
DA:17,63
DA:20,8
DA:21,20
DA:22,35
DA:23,44
DA:24,2
DA:25,29
DA:26,53
DA:27,21
DA:28,22
DA:31,23
DA:32,15
DA:33,26
DA:34,52
DA:35,31
DA:38,10
DA:39,15
DA:40,12
DA:41,16
DA:42,30
DA:43,71
DA:44,44
DA:45,41
DA:46,1
DA:49,12
DA:50,12
DA:51,18
DA:52,26
DA:53,30
DA:54,24
DA:55,36
DA:56,32
DA:57,28
DA:58,43
DA:59,2
DA:62,15
DA:63,30
DA:65,33
DA:66,32
DA:67,43
DA:68,45
DA:69,73
DA:70,4
DA:72,36
DA:73,81
DA:74,37
DA:75,23
DA:76,5
DA:79,21
DA:80,20
DA:81,51
DA:82,6
DA:83,4
DA:85,36
DA:86,19
DA:87,27
DA:88,16
DA:89,6
DA:90,4
DA:92,53
DA:93,30
DA:94,53
DA:96,57
DA:97,49
DA:98,6
DA:99,4
DA:101,57
DA:102,42
DA:103,6
DA:104,4
DA:106,85
DA:107,19
DA:108,28
DA:109,44
DA:110,36
DA:111,30
DA:112,9
DA:113,27
DA:114,78
DA:115,27
DA:116,30
DA:117,30
DA:118,8
DA:119,6
DA:120,4
DA:122,65
DA:123,26
DA:124,59
DA:125,56
DA:126,6
DA:127,6
DA:129,59
DA:130,15
DA:131,43
DA:132,84
DA:133,71
DA:134,56
DA:135,45
DA:136,10
DA:137,70
DA:138,40
DA:139,95
DA:140,89
DA:141,6
DA:142,12
DA:143,64
DA:144,51
DA:145,48
DA:146,19
DA:147,79
DA:148,17
DA:150,30
DA:151,45
DA:152,23
DA:153,80
DA:155,6
DA:156,6
DA:158,62
DA:159,32
DA:160,38
DA:161,41
DA:162,28
DA:163,46
DA:164,21
DA:165,6
DA:166,25
DA:167,4
DA:169,67
DA:170,26
DA:171,59
DA:172,85
DA:173,6
DA:174,6
DA:176,35
DA:177,23
DA:178,64
DA:179,6
DA:180,6
DA:182,59
DA:183,57
DA:184,23
DA:185,53
DA:186,6
DA:187,8
DA:188,58
DA:189,6
DA:190,6
DA:192,59
DA:193,15
DA:194,43
DA:195,33
DA:196,75
DA:197,6
DA:198,10
DA:199,16
DA:204,13
DA:206,33
DA:207,96
DA:208,10
DA:209,39
DA:210,87
DA:211,61
DA:212,10
DA:213,37
DA:214,81
DA:215,59
DA:216,10
DA:217,51
DA:218,41
DA:219,10
DA:221,53
DA:222,49
DA:223,30
DA:224,59
DA:225,66
DA:226,23
DA:227,80
DA:229,6
DA:230,6
DA:232,62
DA:233,44
DA:234,47
DA:235,28
DA:236,46
DA:237,21
DA:238,6
DA:239,25
DA:240,4
DA:242,36
DA:243,43
DA:244,26
DA:245,49
DA:248,111
DA:250,1
LF:198
LH:198
end_of_record
TN:
SF:src/api/index.ts
FNF:34
FNH:34
DA:1,72
DA:4,31
DA:87,21
DA:88,20
DA:89,56
DA:90,11
DA:91,2
DA:92,74
DA:93,25
DA:94,72
DA:97,48
DA:98,82
DA:99,37
DA:100,67
DA:102,12
DA:103,11
DA:104,99
DA:105,33
DA:106,16
DA:107,69
DA:108,65
DA:109,63
DA:110,69
DA:111,22
DA:112,57
DA:113,19
DA:114,54
DA:115,24
DA:116,52
DA:117,64
DA:118,6
DA:119,14
DA:120,20
DA:121,50
DA:122,6
DA:123,13
DA:124,59
DA:125,6
DA:126,13
DA:127,62
DA:128,61
DA:129,6
DA:130,16
DA:131,65
DA:132,68
DA:133,6
DA:134,13
DA:135,57
DA:136,6
DA:137,15
DA:138,62
DA:139,20
DA:140,51
DA:141,6
DA:142,12
DA:143,65
DA:144,56
DA:145,6
DA:146,12
DA:147,23
DA:148,54
DA:149,71
DA:150,23
DA:151,54
DA:152,64
DA:153,6
DA:154,13
DA:155,57
DA:156,6
DA:157,18
DA:158,17
DA:159,28
DA:160,2
LF:73
LH:73
end_of_record
TN:
SF:src/api/sessions-router.ts
FNF:12
FNH:12
DA:11,9
DA:12,52
DA:13,75
DA:14,63
DA:17,23
DA:18,15
DA:19,26
DA:20,52
DA:21,31
DA:24,13
DA:25,12
DA:26,31
DA:27,33
DA:28,23
DA:29,53
DA:30,41
DA:31,47
DA:32,53
DA:33,27
DA:34,39
DA:35,33
DA:36,64
DA:37,22
DA:38,26
DA:39,50
DA:40,29
DA:41,7
DA:42,30
DA:43,2
DA:50,15
DA:51,35
DA:54,38
DA:55,67
DA:56,23
DA:57,47
DA:58,26
DA:59,9
DA:60,30
DA:61,34
DA:62,58
DA:63,37
DA:64,1
DA:65,3
DA:66,9
DA:67,42
DA:68,23
DA:69,2
DA:70,4
DA:72,21
DA:73,20
DA:74,51
DA:75,6
DA:76,4
DA:78,36
DA:79,19
DA:80,27
DA:81,16
DA:82,6
DA:83,4
DA:85,53
DA:86,30
DA:87,53
DA:90,63
DA:91,49
DA:92,6
DA:93,4
DA:96,57
DA:97,13
DA:98,57
DA:99,30
DA:100,31
DA:101,33
DA:102,37
DA:103,34
DA:104,10
DA:105,21
DA:106,76
DA:108,6
DA:109,4
DA:112,85
DA:113,19
DA:114,28
DA:115,44
DA:116,36
DA:117,30
DA:118,9
DA:119,27
DA:122,55
DA:123,10
DA:124,44
DA:125,29
DA:126,32
DA:127,4
DA:128,8
DA:130,32
DA:131,30
DA:132,35
DA:133,8
DA:134,6
DA:135,4
DA:138,85
DA:139,13
DA:140,65
DA:141,58
DA:142,21
DA:143,76
DA:145,6
DA:146,4
DA:149,86
DA:150,31
DA:151,74
DA:152,91
DA:153,6
DA:154,6
DA:155,13
DA:156,69
DA:157,58
DA:158,21
DA:159,76
DA:161,6
DA:162,4
DA:165,85
DA:166,35
DA:167,13
DA:168,73
DA:169,24
DA:170,84
DA:171,6
DA:172,8
DA:173,53
DA:174,21
DA:175,76
DA:177,6
DA:178,4
DA:181,57
DA:182,36
DA:183,13
DA:184,66
DA:185,24
DA:186,75
DA:187,6
DA:188,8
DA:189,53
DA:190,21
DA:191,76
DA:193,6
DA:194,4
DA:197,87
DA:198,36
DA:199,13
DA:200,66
DA:201,24
DA:202,75
DA:203,6
DA:204,8
DA:207,74
DA:208,75
DA:210,78
DA:211,30
DA:212,20
DA:213,37
DA:214,47
DA:215,17
DA:216,16
DA:217,43
DA:218,21
DA:219,25
DA:220,49
DA:221,31
DA:222,36
DA:223,10
DA:224,10
DA:225,21
DA:226,76
DA:228,6
DA:229,4
DA:231,47
DA:232,13
DA:233,66
DA:234,24
DA:235,75
DA:236,6
DA:237,8
DA:240,72
DA:241,24
DA:242,65
DA:243,6
DA:244,8
DA:246,52
DA:247,84
DA:248,21
DA:249,80
DA:254,102
DA:256,1
LF:194
LH:194
end_of_record
TN:
SF:src/api/skills-router.ts
FNF:13
FNH:13
DA:13,69
DA:15,9
DA:16,52
DA:17,79
DA:18,63
DA:21,8
DA:22,20
DA:23,35
DA:24,44
DA:25,2
DA:26,38
DA:27,53
DA:28,21
DA:29,22
DA:32,23
DA:33,15
DA:34,26
DA:35,52
DA:36,31
DA:39,11
DA:40,39
DA:43,15
DA:44,30
DA:45,37
DA:46,73
DA:47,37
DA:48,23
DA:49,2
DA:50,4
DA:52,21
DA:53,20
DA:54,51
DA:55,6
DA:56,4
DA:58,36
DA:59,19
DA:60,27
DA:61,16
DA:62,6
DA:63,4
DA:65,53
DA:66,30
DA:67,53
DA:69,61
DA:70,49
DA:71,6
DA:72,4
DA:74,57
DA:75,13
DA:76,48
DA:77,34
DA:78,21
DA:79,76
DA:81,6
DA:82,4
DA:84,85
DA:85,19
DA:86,28
DA:87,44
DA:88,36
DA:89,30
DA:90,9
DA:91,27
DA:92,31
DA:93,27
DA:94,30
DA:95,30
DA:96,8
DA:97,6
DA:98,4
DA:100,58
DA:101,13
DA:102,41
DA:103,43
DA:104,58
DA:105,84
DA:106,33
DA:107,21
DA:108,76
DA:110,6
DA:111,4
DA:113,32
DA:114,20
DA:115,61
DA:116,6
DA:117,4
DA:119,57
DA:120,13
DA:121,53
DA:122,22
DA:123,53
DA:124,6
DA:125,8
DA:126,33
DA:127,21
DA:128,76
DA:130,6
DA:131,4
DA:133,57
DA:134,13
DA:135,41
DA:136,43
DA:137,64
DA:138,95
DA:139,33
DA:140,21
DA:141,76
DA:143,6
DA:144,4
DA:146,60
DA:147,13
DA:148,41
DA:149,43
DA:150,72
DA:151,45
DA:152,21
DA:153,76
DA:155,6
DA:156,4
DA:158,89
DA:159,13
DA:160,41
DA:161,43
DA:162,72
DA:163,22
DA:164,57
DA:165,6
DA:166,8
DA:167,96
DA:168,33
DA:169,21
DA:170,76
DA:172,6
DA:173,4
DA:175,31
DA:176,27
DA:177,70
DA:178,6
DA:179,6
DA:180,13
DA:181,61
DA:182,30
DA:183,32
DA:184,32
DA:185,28
DA:186,35
DA:187,10
DA:188,21
DA:189,80
DA:193,109
DA:195,1
LF:151
LH:151
end_of_record
TN:
SF:src/api/skills-server.ts
FNF:15
FNH:15
DA:1,61
DA:6,45
DA:7,57
DA:8,53
DA:9,53
DA:30,60
DA:31,13
DA:32,10
DA:34,43
DA:35,42
DA:36,119
DA:38,23
DA:39,38
DA:42,93
DA:43,27
DA:44,22
DA:45,18
DA:46,56
DA:47,51
DA:48,4
DA:49,8
DA:52,38
DA:53,28
DA:54,50
DA:55,25
DA:56,4
DA:57,8
DA:60,47
DA:62,63
DA:63,42
DA:64,32
DA:67,43
DA:68,37
DA:69,6
DA:70,6
DA:73,39
DA:74,25
DA:75,33
DA:76,17
DA:77,31
DA:78,60
DA:79,75
DA:81,6
DA:82,6
DA:85,45
DA:86,31
DA:87,39
DA:88,17
DA:89,31
DA:90,60
DA:91,81
DA:93,6
DA:94,6
DA:97,33
DA:98,6
DA:100,11
DA:101,47
DA:102,40
DA:103,43
DA:105,48
DA:106,19
DA:107,30
DA:109,10
DA:110,47
DA:111,7
DA:112,13
DA:114,25
DA:115,10
DA:118,37
DA:119,6
DA:120,89
DA:123,22
DA:124,21
DA:125,62
DA:126,25
DA:129,11
DA:130,10
DA:131,15
DA:133,10
DA:134,9
DA:135,28
DA:136,2
LF:82
LH:82
end_of_record
TN:
SF:src/api/system-router.ts
FNF:13
FNH:13
DA:1,42
DA:3,38
DA:7,40
DA:25,14
DA:26,9
DA:27,35
DA:28,89
DA:29,6
DA:31,58
DA:32,25
DA:33,24
DA:34,21
DA:36,32
DA:37,38
DA:38,43
DA:40,41
DA:41,44
DA:42,48
DA:43,34
DA:44,37
DA:45,48
DA:48,25
DA:49,48
DA:50,30
DA:51,78
DA:52,29
DA:53,44
DA:54,20
DA:55,43
DA:56,19
DA:57,7
DA:59,67
DA:60,28
DA:61,20
DA:62,4
DA:65,48
DA:67,14
DA:68,16
DA:69,18
DA:70,15
DA:71,27
DA:72,2
DA:73,11
DA:74,63
DA:78,19
DA:79,9
DA:80,35
DA:81,25
DA:82,17
DA:83,45
DA:87,1
DA:88,11
DA:89,36
DA:90,3
DA:91,9
DA:92,48
DA:93,95
DA:95,19
DA:96,22
DA:98,35
DA:99,55
DA:100,28
DA:101,15
DA:102,32
DA:103,49
DA:104,5
DA:105,4
DA:107,26
DA:108,17
DA:109,43
DA:113,23
DA:114,26
DA:115,52
DA:116,52
DA:117,78
DA:118,64
DA:119,32
DA:122,6
DA:123,11
DA:124,3
DA:125,55
DA:126,73
DA:127,24
DA:128,30
DA:129,39
DA:132,32
DA:133,27
DA:134,56
DA:135,82
DA:136,68
DA:137,16
DA:138,6
DA:139,4
DA:142,63
DA:143,50
DA:144,32
DA:145,6
DA:146,4
DA:149,69
DA:150,44
DA:151,45
DA:152,55
DA:153,28
DA:154,49
DA:155,15
DA:156,72
DA:158,6
DA:159,4
DA:162,79
DA:163,73
DA:164,33
DA:165,6
DA:166,4
DA:169,46
LF:114
LH:114
end_of_record
TN:
SF:src/communication/index.ts
FNF:15
FNH:15
DA:1,43
DA:22,37
DA:23,9
DA:24,10
DA:25,3
DA:26,35
DA:27,53
DA:28,59
DA:35,22
DA:36,17
DA:39,21
DA:40,6
DA:41,6
DA:42,9
DA:43,5
DA:45,4
DA:46,40
DA:47,41
DA:48,39
DA:49,32
DA:50,26
DA:51,7
DA:52,13
DA:53,17
DA:54,17
DA:55,34
DA:56,37
DA:57,7
DA:58,3
DA:59,18
DA:60,5
DA:63,39
DA:64,45
DA:65,36
DA:68,34
DA:69,30
DA:70,40
DA:73,35
DA:74,32
DA:77,12
DA:78,9
DA:79,7
DA:80,8
DA:81,18
DA:82,40
DA:83,39
DA:84,44
DA:86,13
DA:87,90
DA:88,29
DA:89,17
DA:90,55
DA:91,73
DA:92,10
DA:93,11
DA:96,9
DA:97,15
DA:99,44
DA:102,17
DA:103,31
DA:104,34
DA:105,24
DA:106,15
DA:107,25
DA:108,8
DA:111,29
DA:112,6
DA:113,39
DA:115,28
DA:116,2
LF:70
LH:70
end_of_record
TN:
SF:src/config/opencode.ts
FNF:10
FNH:10
DA:1,37
DA:2,44
DA:3,33
DA:4,79
DA:6,116
DA:7,59
DA:9,11
DA:10,41
DA:11,69
DA:12,79
DA:15,29
DA:16,40
DA:17,13
DA:18,43
DA:19,22
DA:20,42
DA:21,35
DA:22,1
DA:25,1
DA:26,6
DA:27,10
DA:28,9
DA:29,3
DA:30,62
DA:31,60
DA:32,68
DA:33,73
DA:34,63
DA:35,28
DA:38,10
DA:39,75
DA:40,42
DA:41,9
DA:42,51
DA:43,35
DA:44,37
DA:45,11
DA:46,10
DA:50,6
DA:51,10
DA:52,8
DA:53,3
DA:54,65
DA:55,57
DA:56,57
DA:57,88
DA:58,50
DA:59,69
DA:60,58
DA:61,36
DA:62,9
DA:63,13
DA:64,4
DA:65,29
DA:66,2
DA:67,21
DA:68,35
DA:69,65
DA:70,56
DA:71,34
DA:72,7
DA:73,13
DA:74,2
DA:75,49
DA:76,72
DA:77,54
DA:78,32
DA:79,5
DA:80,13
LF:69
LH:69
end_of_record
TN:
SF:src/config/orchestrator.ts
FNF:10
FNH:10
DA:1,37
DA:2,44
DA:3,33
DA:4,83
DA:5,46
DA:7,77
DA:8,92
DA:9,157
DA:20,129
DA:26,12
DA:29,3
DA:30,60
DA:32,62
DA:33,31
DA:34,61
DA:35,31
DA:37,73
DA:38,31
DA:39,47
DA:40,28
DA:41,20
DA:43,21
DA:45,38
DA:46,46
DA:47,32
DA:48,11
DA:49,65
DA:50,40
DA:51,13
DA:52,12
DA:54,4
DA:56,65
DA:57,39
DA:58,35
DA:59,34
DA:60,11
DA:61,66
DA:62,40
DA:63,13
DA:64,12
DA:66,4
DA:68,29
DA:69,40
DA:70,14
DA:71,4
DA:73,66
DA:74,73
DA:75,70
DA:76,99
DA:77,32
DA:78,4
DA:80,28
DA:81,62
DA:82,29
DA:83,28
DA:84,61
DA:85,55
DA:86,33
DA:87,4
DA:88,44
DA:89,4
DA:91,20
DA:92,68
DA:93,71
DA:94,18
DA:95,16
DA:96,86
DA:97,101
DA:98,68
DA:99,13
DA:100,77
DA:101,71
DA:102,41
DA:103,74
DA:104,50
DA:105,59
DA:106,56
DA:107,62
DA:108,59
DA:109,53
DA:110,71
DA:111,62
DA:112,13
DA:113,18
DA:114,4
DA:116,26
LF:86
LH:86
end_of_record
TN:
SF:src/config/orchestrator/defaults.ts
FNF:1
FNH:1
DA:3,11
DA:4,12
DA:5,20
DA:6,21
DA:7,30
DA:8,20
DA:9,18
DA:10,25
DA:11,23
DA:12,26
DA:13,24
DA:14,25
DA:15,8
DA:16,16
DA:17,6
DA:18,26
DA:19,31
DA:20,20
DA:21,20
DA:22,24
DA:23,22
DA:24,17
DA:25,6
DA:26,17
DA:27,21
DA:28,16
DA:29,6
DA:30,23
DA:31,23
DA:32,6
DA:33,21
DA:34,11
DA:35,19
DA:36,32
DA:37,34
DA:38,36
DA:39,19
DA:40,26
DA:41,22
DA:42,6
DA:43,22
DA:44,90
DA:45,6
DA:46,14
DA:47,20
DA:48,27
DA:49,22
DA:50,23
DA:51,6
DA:52,57
DA:53,16
DA:54,21
DA:55,32
DA:56,30
DA:57,53
DA:58,6
DA:59,18
DA:60,20
DA:61,27
DA:62,22
DA:63,20
DA:64,28
DA:65,29
DA:66,30
DA:67,5
DA:68,6
DA:69,17
DA:70,20
DA:71,20
DA:72,28
DA:73,29
DA:74,30
DA:75,5
DA:76,6
DA:77,15
DA:78,20
DA:79,22
DA:80,23
DA:81,23
DA:82,23
DA:83,21
DA:84,20
DA:85,22
DA:86,30
DA:87,27
DA:88,8
DA:89,15
DA:90,34
DA:91,35
DA:92,32
DA:93,27
DA:94,8
DA:95,17
DA:96,23
DA:97,22
DA:98,31
DA:99,36
DA:100,36
DA:101,28
DA:102,25
DA:103,5
DA:104,6
DA:105,21
DA:106,32
DA:107,32
DA:108,34
DA:109,6
DA:110,18
DA:111,18
DA:112,6
DA:113,17
DA:114,9
DA:115,32
DA:116,36
DA:117,32
DA:118,67
DA:119,66
DA:120,29
DA:121,19
DA:122,5
DA:123,6
DA:124,13
DA:125,1
LF:123
LH:123
end_of_record
TN:
SF:src/config/orchestrator/parse-extra.ts
FNF:4
FNH:4
DA:1,52
DA:30,20
DA:31,20
DA:34,23
DA:35,70
DA:36,32
DA:38,74
DA:39,26
DA:40,78
DA:41,26
DA:42,78
DA:43,26
DA:44,85
DA:45,26
DA:46,5
DA:47,2
DA:48,2
DA:51,23
DA:52,71
DA:53,40
DA:54,71
DA:55,52
DA:56,35
DA:57,6
DA:58,4
DA:59,2
DA:60,2
DA:62,14
DA:67,23
DA:68,13
DA:69,33
DA:70,35
DA:71,36
DA:72,36
DA:73,59
DA:74,30
DA:75,4
DA:76,13
DA:77,18
DA:78,17
DA:79,37
DA:80,44
DA:81,41
DA:82,5
DA:83,6
DA:84,13
DA:85,17
DA:86,50
DA:87,50
DA:88,46
DA:89,43
DA:90,5
DA:91,6
DA:92,15
DA:93,17
DA:94,37
DA:95,39
DA:96,45
DA:97,51
DA:98,51
DA:99,43
DA:100,42
DA:101,5
DA:102,3
DA:103,2
DA:104,2
DA:106,29
DA:107,13
DA:108,15
DA:109,17
DA:110,37
DA:111,35
DA:112,35
DA:113,35
DA:114,39
DA:115,5
DA:116,6
DA:117,14
DA:118,17
DA:119,37
DA:120,32
DA:121,37
DA:122,37
DA:123,34
DA:124,5
DA:125,6
DA:126,19
DA:127,17
DA:128,37
DA:129,33
DA:130,37
DA:131,5
DA:132,3
DA:133,2
DA:134,2
DA:136,26
DA:137,13
DA:138,33
DA:139,31
DA:140,26
DA:141,2
DA:142,2
DA:146,23
DA:147,42
DA:148,60
DA:151,23
DA:152,48
DA:153,78
DA:156,23
DA:157,45
DA:158,68
LF:111
LH:111
end_of_record
TN:
SF:src/config/orchestrator/parse-workers.ts
FNF:7
FNH:7
DA:1,85
DA:3,67
DA:5,37
DA:6,31
DA:7,17
DA:8,41
DA:9,24
DA:10,4
DA:11,42
DA:12,42
DA:13,39
DA:14,7
DA:15,60
DA:16,4
DA:17,4
DA:18,41
DA:19,46
DA:20,38
DA:21,7
DA:22,58
DA:23,4
DA:24,4
DA:25,39
DA:26,44
DA:27,36
DA:28,7
DA:29,54
DA:30,2
DA:31,2
DA:32,36
DA:33,19
DA:34,65
DA:35,45
DA:36,58
DA:37,31
DA:38,29
DA:39,76
DA:40,6
DA:41,2
DA:42,2
DA:43,36
DA:44,55
DA:45,53
DA:46,103
DA:47,2
DA:48,12
DA:52,49
DA:53,31
DA:54,17
DA:55,77
DA:56,74
DA:57,83
DA:58,74
DA:59,50
DA:60,12
DA:63,26
DA:64,7
DA:65,22
DA:66,3
DA:67,35
DA:68,43
DA:69,2
DA:70,31
DA:72,51
DA:73,13
DA:75,32
DA:76,45
DA:78,39
DA:80,27
DA:81,48
DA:82,20
DA:83,23
DA:84,2
DA:86,26
DA:87,44
DA:88,19
DA:89,21
DA:90,2
DA:92,33
DA:93,60
DA:94,2
DA:96,67
DA:97,29
DA:98,50
DA:99,27
DA:100,2
DA:102,15
DA:106,41
DA:107,31
DA:108,17
DA:109,30
DA:110,52
DA:111,50
DA:112,2
DA:113,12
DA:117,38
DA:118,7
DA:119,22
DA:123,3
DA:124,25
DA:125,19
DA:126,23
DA:128,39
DA:129,61
DA:130,57
DA:131,18
DA:134,33
DA:135,17
DA:136,26
DA:137,17
DA:138,20
DA:141,46
DA:142,25
DA:143,2
DA:145,45
DA:146,37
DA:147,26
DA:148,8
DA:149,4
DA:150,44
DA:151,29
DA:152,2
DA:154,86
DA:155,27
LF:124
LH:124
end_of_record
TN:
SF:src/config/orchestrator/parse.ts
FNF:5
FNH:5
DA:1,53
DA:3,100
DA:4,71
DA:6,58
DA:9,14
DA:10,29
DA:12,21
DA:14,73
DA:15,77
DA:16,99
DA:17,44
DA:18,2
DA:19,40
DA:20,27
DA:21,50
DA:22,68
DA:23,50
DA:24,4
DA:25,51
DA:26,26
DA:27,74
DA:28,50
DA:29,47
DA:30,6
DA:31,36
DA:32,4
DA:33,36
DA:34,2
DA:35,91
DA:36,106
DA:37,40
DA:38,27
DA:39,103
DA:40,111
DA:41,108
DA:42,111
DA:43,36
DA:44,2
DA:46,37
DA:47,24
DA:48,94
DA:49,48
DA:50,26
DA:51,71
DA:52,49
DA:53,25
DA:54,71
DA:55,98
DA:56,27
DA:57,6
DA:58,33
DA:59,4
DA:60,30
DA:61,2
DA:63,43
DA:64,30
DA:65,4
DA:66,45
DA:67,42
DA:68,41
DA:69,7
DA:70,50
DA:71,4
DA:72,67
DA:73,77
DA:74,4
DA:75,56
DA:76,72
DA:77,7
DA:78,78
DA:79,4
DA:80,42
DA:81,2
DA:83,41
DA:84,28
DA:85,67
DA:86,66
DA:87,4
DA:88,38
DA:89,2
DA:91,27
DA:92,49
DA:94,47
DA:95,2
DA:97,26
DA:98,47
DA:100,44
DA:101,2
DA:103,31
DA:104,18
DA:105,73
DA:106,61
DA:107,64
DA:108,90
DA:109,52
DA:110,4
DA:111,70
DA:112,54
DA:113,54
DA:114,57
DA:115,18
DA:116,2
DA:118,83
DA:119,20
DA:120,110
DA:121,103
DA:122,109
DA:123,109
DA:124,35
DA:125,2
DA:127,34
DA:128,21
DA:129,85
DA:130,75
DA:131,78
DA:132,81
DA:133,102
DA:134,78
DA:135,100
DA:136,24
DA:137,2
DA:139,37
DA:140,24
DA:141,94
DA:142,90
DA:143,30
DA:144,2
DA:146,36
DA:147,23
DA:148,91
DA:149,123
DA:150,120
DA:151,4
DA:152,45
DA:153,61
DA:154,7
DA:155,56
DA:156,4
DA:157,28
DA:158,2
DA:160,38
DA:161,25
DA:162,97
DA:163,57
DA:164,25
DA:165,71
DA:166,62
DA:167,71
DA:168,64
DA:169,75
DA:170,72
DA:171,76
DA:172,74
DA:173,81
DA:174,81
DA:175,6
DA:176,65
DA:177,51
DA:178,21
DA:179,43
DA:180,62
DA:181,35
DA:182,30
DA:183,73
DA:184,82
DA:185,76
DA:186,74
DA:187,11
DA:188,2
DA:189,24
DA:190,57
DA:191,6
DA:192,41
DA:193,4
DA:194,32
DA:195,2
DA:197,37
DA:198,24
DA:199,49
DA:200,27
DA:201,121
DA:202,67
DA:203,66
DA:204,68
DA:205,68
DA:206,73
DA:207,75
DA:208,6
DA:209,35
DA:210,4
DA:211,30
DA:212,2
DA:214,35
DA:215,41
DA:216,38
DA:218,14
LF:196
LH:196
end_of_record
TN:
SF:src/config/orchestrator/paths.ts
FNF:3
FNH:3
DA:1,33
DA:2,56
DA:4,11
DA:5,65
DA:8,11
DA:9,61
DA:12,20
DA:13,56
LF:8
LH:8
end_of_record
TN:
SF:src/config/profile-inheritance.ts
FNF:6
FNH:6
DA:1,63
DA:10,20
DA:11,103
DA:12,35
DA:13,34
DA:16,1
DA:17,6
DA:18,10
DA:19,3
DA:20,34
DA:21,43
DA:24,20
DA:25,15
DA:26,12
DA:27,13
DA:28,50
DA:29,46
DA:30,78
DA:31,28
DA:32,2
DA:35,13
DA:38,3
DA:39,27
DA:40,28
DA:42,28
DA:43,53
DA:44,31
DA:46,60
DA:47,18
DA:49,22
DA:51,15
DA:53,67
DA:54,34
DA:55,42
DA:56,37
DA:57,29
DA:58,4
DA:59,4
DA:61,23
DA:62,40
DA:63,27
DA:64,4
DA:66,19
DA:67,39
DA:68,4
DA:70,52
DA:72,4
DA:73,39
DA:74,41
DA:75,42
DA:76,44
DA:77,43
DA:78,7
DA:79,100
DA:80,4
DA:82,35
DA:83,25
DA:84,22
DA:87,20
DA:88,94
DA:89,29
DA:90,27
DA:91,2
DA:93,13
LF:64
LH:64
end_of_record
TN:
SF:src/core/spawn-policy.ts
FNF:6
FNH:6
DA:3,21
DA:4,41
DA:5,48
DA:6,36
DA:9,21
DA:10,58
DA:13,21
DA:14,57
DA:17,21
DA:18,60
DA:21,21
DA:22,57
DA:25,21
DA:26,61
LF:14
LH:14
end_of_record
TN:
SF:src/db/overrides.ts
FNF:1
FNH:1
DA:4,6
DA:5,10
DA:6,9
DA:7,3
DA:8,25
DA:10,18
DA:11,58
DA:12,28
DA:13,2
DA:15,34
DA:16,42
DA:17,30
DA:19,63
DA:20,33
DA:21,4
DA:22,75
DA:23,45
DA:24,4
DA:25,71
DA:26,41
DA:27,4
DA:28,47
DA:29,37
DA:30,2
DA:31,2
DA:33,11
LF:26
LH:26
end_of_record
TN:
SF:src/helpers/format.ts
FNF:6
FNH:6
DA:1,34
DA:2,32
DA:4,11
DA:5,75
DA:8,11
DA:9,31
DA:10,17
DA:11,48
DA:12,42
DA:13,13
DA:14,2
DA:15,10
DA:18,11
DA:19,31
DA:20,61
DA:21,6
DA:24,20
DA:25,26
DA:26,51
DA:27,28
DA:28,15
DA:29,59
DA:30,34
DA:31,13
DA:32,18
DA:34,2
DA:35,10
DA:38,6
DA:40,38
DA:41,67
DA:42,2
DA:43,65
DA:46,85
LF:33
LH:33
end_of_record
TN:
SF:src/helpers/fs.ts
FNF:4
FNH:4
DA:1,68
DA:2,42
DA:21,29
DA:22,16
DA:23,39
DA:24,42
DA:25,42
DA:26,48
DA:27,4
DA:29,34
DA:30,63
DA:33,134
DA:34,39
DA:36,9
DA:37,67
DA:38,30
DA:39,26
DA:41,39
DA:45,13
DA:46,149
DA:48,6
DA:49,67
LF:22
LH:22
end_of_record
TN:
SF:src/integrations/linear-config.ts
FNF:2
FNH:2
DA:4,131
DA:7,46
DA:8,44
DA:9,44
DA:10,34
DA:11,12
DA:12,11
DA:13,11
DA:14,38
DA:15,63
DA:16,3
DA:20,47
DA:21,34
DA:22,50
DA:23,2
DA:25,61
DA:26,61
DA:27,28
DA:28,85
DA:29,2
DA:31,12
DA:32,11
DA:33,11
DA:34,55
DA:35,87
DA:36,2
LF:26
LH:26
end_of_record
TN:
SF:src/integrations/linear-issues.ts
FNF:19
FNH:19
DA:1,49
DA:2,64
DA:6,35
DA:13,3
DA:14,33
DA:17,11
DA:18,149
DA:24,5
DA:25,14
DA:26,25
DA:27,37
DA:28,31
DA:29,33
DA:30,31
DA:31,28
DA:32,3
DA:33,1
DA:34,4
DA:36,39
DA:37,75
DA:38,89
DA:42,35
DA:53,3
DA:54,33
DA:57,11
DA:58,144
DA:64,5
DA:65,14
DA:66,24
DA:67,25
DA:68,37
DA:69,29
DA:70,31
DA:71,31
DA:72,31
DA:73,33
DA:74,32
DA:75,3
DA:76,1
DA:77,4
DA:79,39
DA:80,75
DA:81,79
DA:85,34
DA:89,3
DA:90,33
DA:93,11
DA:94,143
DA:100,5
DA:101,14
DA:102,29
DA:103,20
DA:104,3
DA:105,1
DA:106,4
DA:108,45
DA:109,79
DA:110,65
DA:114,35
DA:115,33
DA:116,11
DA:117,292
DA:132,21
DA:133,4
DA:135,78
DA:136,19
DA:140,43
DA:141,33
DA:144,11
DA:145,98
DA:150,21
DA:151,4
DA:153,64
DA:157,32
DA:161,3
DA:162,86
DA:163,65
DA:164,80
DA:165,51
DA:169,35
DA:173,3
DA:174,90
DA:175,61
DA:179,38
DA:183,3
DA:184,57
DA:185,48
DA:187,21
DA:188,23
DA:189,22
DA:190,27
DA:191,27
DA:192,23
DA:193,22
DA:194,22
DA:195,27
DA:196,22
DA:197,4
DA:199,39
DA:200,104
DA:201,85
DA:202,34
DA:203,21
DA:204,84
DA:205,2
DA:207,84
DA:208,54
LF:107
LH:107
end_of_record
TN:
SF:src/integrations/linear-projects.ts
FNF:7
FNH:7
DA:1,49
DA:4,43
DA:5,35
DA:6,28
DA:7,34
DA:8,46
DA:9,2
DA:13,34
DA:14,33
DA:15,5
DA:16,43
DA:17,4
DA:18,20
DA:22,37
DA:27,3
DA:28,57
DA:29,33
DA:32,11
DA:33,151
DA:39,5
DA:40,14
DA:41,11
DA:42,37
DA:43,44
DA:44,3
DA:45,1
DA:46,4
DA:48,45
DA:49,79
DA:50,85
DA:54,40
DA:57,3
DA:58,33
DA:59,11
DA:60,178
DA:71,23
DA:72,4
DA:74,82
DA:75,33
LF:39
LH:39
end_of_record
TN:
SF:src/integrations/linear-request.ts
FNF:3
FNH:3
DA:12,28
DA:13,5
DA:14,7
DA:15,13
DA:16,3
DA:17,46
DA:18,19
DA:19,16
DA:20,41
DA:21,29
DA:22,6
DA:23,44
DA:24,5
DA:26,37
DA:27,22
DA:28,83
DA:29,2
DA:31,14
DA:32,9
DA:33,30
DA:34,11
DA:35,61
DA:38,53
DA:39,85
DA:40,2
DA:41,23
DA:42,59
DA:43,2
DA:44,20
LF:29
LH:29
end_of_record
TN:
SF:src/integrations/linear-teams.ts
FNF:3
FNH:3
DA:1,49
DA:5,40
DA:6,33
DA:9,11
DA:10,122
DA:17,40
DA:18,4
DA:20,39
DA:24,89
LF:9
LH:9
end_of_record
TN:
SF:src/memory/auto.ts
FNF:3
FNH:3
DA:2,42
DA:4,117
DA:5,65
DA:38,17
DA:39,39
DA:42,15
DA:43,32
DA:44,68
DA:45,59
DA:46,53
DA:47,65
DA:48,86
DA:49,98
DA:51,47
DA:53,33
DA:54,15
DA:56,60
DA:57,53
DA:58,47
DA:59,39
DA:60,43
DA:61,36
DA:62,12
DA:63,26
DA:64,59
DA:65,33
DA:67,73
DA:68,52
DA:70,9
DA:71,28
DA:72,10
DA:73,25
DA:74,70
DA:75,10
DA:76,48
DA:77,8
DA:78,5
DA:79,2
DA:81,54
DA:82,35
DA:84,9
DA:85,28
DA:86,10
DA:87,25
DA:88,64
DA:89,19
DA:90,30
DA:91,18
DA:92,5
DA:93,2
DA:96,9
DA:97,28
DA:98,10
DA:99,22
DA:100,19
DA:101,30
DA:102,18
DA:103,5
DA:104,2
DA:106,20
DA:107,11
DA:108,30
DA:109,12
DA:110,64
DA:111,52
DA:112,24
DA:113,38
DA:114,23
DA:115,7
DA:116,4
DA:118,11
DA:119,30
DA:120,12
DA:121,24
DA:122,24
DA:123,38
DA:124,23
DA:125,7
DA:126,2
DA:127,2
DA:129,9
DA:130,26
DA:131,10
DA:132,25
DA:133,64
DA:134,19
DA:135,21
DA:136,27
DA:137,5
DA:138,2
DA:140,20
DA:141,11
DA:142,28
DA:143,12
DA:144,27
DA:145,66
DA:146,21
DA:147,26
DA:148,32
DA:149,7
DA:150,2
DA:151,2
DA:153,62
DA:154,39
DA:155,55
DA:156,86
DA:158,88
DA:159,67
DA:161,37
DA:162,15
DA:163,13
DA:164,99
DA:165,15
DA:166,29
DA:168,77
DA:169,13
DA:170,32
DA:171,14
DA:172,27
DA:173,20
DA:174,33
DA:175,22
DA:176,36
DA:177,9
DA:178,6
DA:180,90
DA:181,54
DA:182,22
DA:183,13
DA:184,99
DA:185,15
DA:186,36
DA:188,91
DA:189,13
DA:190,32
DA:191,14
DA:192,27
DA:193,20
DA:194,26
DA:195,29
DA:196,58
DA:197,9
DA:198,4
DA:199,4
DA:202,19
DA:203,11
DA:204,97
DA:205,13
DA:206,31
DA:208,87
DA:209,11
DA:210,30
DA:211,12
DA:212,24
DA:213,37
DA:214,26
DA:215,58
DA:216,7
DA:217,2
DA:218,2
DA:221,58
DA:222,58
DA:223,50
DA:224,58
DA:226,97
DA:227,97
DA:228,91
DA:229,106
DA:231,36
DA:232,115
DA:233,11
DA:234,39
DA:235,12
DA:236,27
DA:237,66
DA:238,26
DA:239,30
DA:240,7
DA:241,2
DA:242,2
DA:244,49
DA:245,80
DA:246,11
DA:247,39
DA:248,12
DA:249,27
DA:250,66
DA:251,26
DA:252,30
DA:253,7
DA:254,2
DA:255,2
DA:257,63
DA:258,11
DA:259,108
DA:260,2
DA:261,2
DA:263,65
DA:264,11
DA:265,76
DA:266,2
DA:267,1
LF:202
LH:202
end_of_record
TN:
SF:src/memory/graph.ts
FNF:22
FNH:22
DA:3,58
DA:5,43
DA:7,12
DA:15,3
DA:16,28
DA:17,61
DA:18,66
DA:20,52
DA:21,21
DA:22,78
DA:23,30
DA:24,19
DA:25,138
DA:31,8
DA:32,7
DA:33,15
DA:34,40
DA:35,21
DA:36,25
DA:37,26
DA:38,1
DA:39,6
DA:40,33
DA:41,18
DA:42,19
DA:43,2
DA:46,12
DA:54,3
DA:55,28
DA:56,61
DA:57,42
DA:58,66
DA:60,45
DA:61,18
DA:62,19
DA:63,76
DA:64,146
DA:68,8
DA:69,7
DA:70,15
DA:71,31
DA:72,29
DA:73,25
DA:74,8
DA:75,1
DA:76,5
DA:77,4
DA:79,20
DA:82,12
DA:88,3
DA:89,28
DA:90,61
DA:91,66
DA:93,52
DA:94,21
DA:95,78
DA:96,30
DA:97,19
DA:98,37
DA:101,8
DA:102,7
DA:103,15
DA:104,40
DA:105,18
DA:106,1
DA:107,6
DA:108,33
DA:109,18
DA:110,19
DA:111,2
DA:114,12
DA:121,3
DA:122,28
DA:123,61
DA:124,73
DA:125,66
DA:127,52
DA:128,88
DA:129,30
DA:130,19
DA:131,236
DA:138,8
DA:139,7
DA:140,15
DA:141,40
DA:142,21
DA:143,9
DA:144,1
DA:145,6
DA:146,39
DA:147,2
DA:150,12
DA:156,3
DA:157,28
DA:158,61
DA:159,73
DA:160,66
DA:162,52
DA:163,67
DA:164,30
DA:165,19
DA:166,78
DA:170,8
DA:171,7
DA:172,15
DA:173,31
DA:174,9
DA:175,1
DA:176,6
DA:177,39
DA:178,2
DA:182,79
LF:112
LH:112
end_of_record
TN:
SF:src/memory/graph/shared.ts
FNF:5
FNH:5
DA:35,27
DA:36,35
DA:37,78
DA:38,16
DA:41,10
DA:42,30
DA:43,12
DA:44,35
DA:45,19
DA:46,16
DA:52,17
DA:53,28
DA:54,32
DA:55,12
DA:56,32
DA:57,59
DA:58,29
DA:59,33
DA:60,32
DA:61,59
DA:62,56
DA:63,1
LF:22
LH:22
end_of_record
TN:
SF:src/memory/graph/trim.ts
FNF:10
FNH:10
DA:3,44
DA:5,44
DA:17,12
DA:24,3
DA:25,28
DA:26,61
DA:27,63
DA:28,66
DA:30,26
DA:31,63
DA:32,69
DA:33,30
DA:34,19
DA:35,146
DA:40,8
DA:41,9
DA:42,17
DA:43,33
DA:44,29
DA:45,1
DA:46,8
DA:47,35
DA:48,31
DA:49,6
DA:50,18
DA:51,2
DA:53,61
DA:54,88
DA:55,30
DA:56,19
DA:57,230
DA:64,8
DA:65,7
DA:66,15
DA:67,40
DA:68,30
DA:69,14
DA:70,1
DA:71,6
DA:72,33
DA:73,31
DA:74,4
DA:76,19
DA:79,12
DA:83,3
DA:84,67
DA:85,27
DA:86,55
DA:87,21
DA:88,22
DA:89,28
DA:90,20
DA:91,20
DA:92,7
DA:93,55
DA:94,2
DA:96,66
DA:98,52
DA:99,30
DA:100,505
DA:112,8
DA:113,53
DA:114,6
DA:115,33
DA:116,14
DA:117,54
DA:118,51
DA:119,2
DA:120,1
LF:69
LH:69
end_of_record
TN:
SF:src/memory/index.ts
FNF:19
FNH:19
DA:4,45
DA:5,48
DA:6,42
DA:47,56
DA:48,27
DA:49,40
DA:50,46
DA:51,46
DA:52,48
DA:53,39
DA:54,78
DA:55,81
DA:56,67
DA:57,29
DA:59,16
DA:60,30
DA:62,34
DA:63,45
DA:64,27
DA:65,55
DA:66,11
DA:67,53
DA:69,36
DA:70,43
DA:71,4
DA:72,20
DA:75,30
DA:76,42
DA:77,41
DA:78,25
DA:81,40
DA:82,39
DA:83,33
DA:84,57
DA:87,12
DA:88,12
DA:89,33
DA:90,32
DA:91,51
DA:92,53
DA:93,71
DA:94,48
DA:95,22
DA:96,19
DA:97,14
DA:98,23
DA:99,18
DA:100,24
DA:101,9
DA:102,28
DA:103,13
DA:104,39
DA:105,34
DA:106,19
DA:107,26
DA:108,52
DA:109,15
DA:110,46
DA:111,11
DA:112,12
DA:113,15
DA:114,18
DA:117,24
DA:118,47
DA:119,71
DA:120,13
DA:121,31
DA:122,21
DA:123,27
DA:124,37
DA:125,37
DA:126,27
DA:127,31
DA:128,16
DA:129,25
DA:130,33
DA:131,35
DA:132,22
DA:133,9
DA:134,10
DA:136,18
DA:137,26
DA:139,34
DA:141,17
DA:142,20
DA:143,15
DA:144,15
DA:145,16
DA:146,30
DA:147,15
DA:148,5
DA:149,4
DA:150,2
LF:93
LH:93
end_of_record
TN:
SF:src/memory/inject.ts
FNF:10
FNH:10
DA:1,42
DA:2,55
DA:3,42
DA:5,17
DA:6,38
DA:9,20
DA:10,60
DA:13,10
DA:14,52
DA:15,39
DA:16,12
DA:19,10
DA:20,41
DA:21,41
DA:22,38
DA:23,12
DA:26,10
DA:27,55
DA:28,36
DA:31,12
DA:51,3
DA:52,30
DA:53,68
DA:54,64
DA:55,58
DA:56,40
DA:58,69
DA:59,65
DA:60,65
DA:61,78
DA:62,78
DA:63,62
DA:64,77
DA:66,28
DA:67,36
DA:68,36
DA:70,41
DA:72,26
DA:73,64
DA:74,80
DA:76,52
DA:77,13
DA:78,11
DA:79,31
DA:80,12
DA:81,14
DA:82,49
DA:83,28
DA:84,8
DA:85,13
DA:86,25
DA:88,31
DA:89,32
DA:90,91
DA:91,19
DA:92,2
DA:93,2
DA:95,88
DA:96,13
DA:97,11
DA:98,89
DA:99,13
DA:100,25
DA:102,31
DA:103,32
DA:104,92
DA:105,19
DA:106,2
DA:107,2
DA:109,15
DA:110,13
DA:111,17
DA:112,9
DA:113,5
DA:114,19
DA:115,11
DA:116,90
DA:117,13
DA:118,19
DA:120,43
DA:121,66
DA:122,35
DA:123,11
DA:124,6
DA:125,19
DA:128,86
DA:129,20
DA:130,55
DA:131,33
DA:132,2
DA:134,70
DA:135,62
DA:136,65
DA:137,35
DA:138,2
DA:139,2
DA:141,27
DA:142,28
DA:143,26
DA:144,17
DA:145,2
DA:147,33
DA:148,47
LF:103
LH:103
end_of_record
TN:
SF:src/memory/neo4j-config.ts
FNF:6
FNH:6
DA:1,51
DA:2,33
DA:6,53
DA:7,53
DA:8,46
DA:9,51
DA:18,28
DA:21,14
DA:22,32
DA:26,11
DA:27,31
DA:30,39
DA:31,76
DA:33,24
DA:35,68
DA:36,17
DA:37,67
DA:38,2
DA:40,70
DA:42,41
DA:43,11
DA:44,49
DA:46,55
DA:47,41
DA:48,48
DA:50,90
DA:51,18
DA:52,25
DA:53,35
DA:54,35
DA:55,32
DA:56,1
DA:57,1
DA:58,9
DA:61,2
DA:63,8
DA:67,45
DA:68,45
DA:69,55
DA:70,55
DA:71,55
DA:73,46
DA:74,46
DA:78,54
DA:79,38
DA:80,13
DA:81,41
DA:82,24
DA:83,34
DA:84,34
DA:85,34
DA:86,44
DA:87,44
DA:88,2
DA:90,34
DA:94,38
DA:95,43
DA:96,31
DA:98,41
LF:59
LH:59
end_of_record
TN:
SF:src/memory/neo4j-docker.ts
FNF:12
FNH:12
DA:2,64
DA:3,33
DA:5,183
DA:14,50
DA:21,11
DA:22,45
DA:24,28
DA:27,58
DA:28,31
DA:35,10
DA:36,43
DA:39,33
DA:40,9
DA:41,54
DA:42,12
DA:43,11
DA:44,14
DA:48,31
DA:49,9
DA:50,65
DA:52,116
DA:53,20
DA:54,7
DA:55,26
DA:56,41
DA:57,11
DA:58,14
DA:62,34
DA:63,9
DA:64,65
DA:66,110
DA:67,20
DA:68,7
DA:69,26
DA:70,41
DA:71,11
DA:72,14
DA:76,30
DA:77,63
DA:79,79
DA:80,41
DA:83,34
DA:84,43
DA:85,46
DA:86,49
DA:89,36
DA:90,99
DA:91,2
DA:93,49
DA:94,50
DA:95,42
DA:98,33
DA:99,46
DA:100,2
DA:102,63
DA:104,18
DA:105,10
DA:106,9
DA:107,13
DA:108,13
DA:109,9
DA:110,23
DA:111,9
DA:112,16
DA:113,9
DA:114,41
DA:115,9
DA:116,23
DA:117,16
DA:118,21
DA:119,7
DA:120,4
DA:123,70
DA:126,68
DA:127,27
DA:129,43
DA:130,11
DA:131,93
DA:132,43
DA:133,13
DA:134,38
DA:135,30
DA:136,33
DA:137,12
DA:138,15
DA:139,30
DA:140,35
DA:142,4
DA:146,84
DA:147,2
DA:149,14
DA:158,55
DA:159,62
DA:161,32
DA:162,71
DA:163,2
DA:165,34
DA:166,69
DA:167,2
DA:169,37
DA:170,19
DA:171,71
DA:172,2
DA:174,43
DA:175,73
DA:176,2
DA:178,30
DA:179,92
DA:180,2
DA:182,9
DA:183,29
DA:184,35
DA:185,23
DA:186,6
DA:187,49
DA:188,19
DA:189,99
DA:190,6
DA:191,95
DA:192,4
DA:194,31
DA:196,47
DA:197,17
DA:198,102
DA:199,4
DA:201,96
DA:202,17
DA:203,49
DA:204,70
LF:129
LH:129
end_of_record
TN:
SF:src/memory/neo4j-driver.ts
FNF:6
FNH:6
DA:2,33
DA:3,49
DA:5,11
DA:6,14
DA:8,72
DA:11,40
DA:12,29
DA:13,54
DA:15,16
DA:16,11
DA:17,25
DA:18,9
DA:21,2
DA:23,82
DA:24,31
DA:25,5
DA:26,22
DA:27,15
DA:31,45
DA:32,32
DA:33,54
DA:34,9
DA:35,33
DA:36,5
DA:37,26
DA:42,42
DA:43,42
DA:44,17
DA:46,9
DA:47,100
DA:48,41
DA:49,11
DA:50,36
DA:51,20
DA:52,7
DA:53,28
DA:54,30
DA:56,11
DA:57,13
LF:39
LH:39
end_of_record
TN:
SF:src/memory/neo4j.ts
FNF:1
FNH:1
DA:2,166
DA:10,52
DA:11,84
LF:3
LH:3
end_of_record
TN:
SF:src/memory/store-file.ts
FNF:40
FNH:40
DA:1,37
DA:2,44
DA:3,33
DA:4,53
DA:5,47
DA:23,22
DA:24,35
DA:25,78
DA:26,16
DA:29,10
DA:30,39
DA:31,12
DA:32,35
DA:33,19
DA:34,15
DA:37,15
DA:38,36
DA:41,22
DA:42,75
DA:43,28
DA:44,32
DA:45,2
DA:46,78
DA:47,45
DA:50,9
DA:51,27
DA:52,66
DA:53,2
DA:54,9
DA:55,57
DA:56,53
DA:57,53
DA:58,14
DA:59,17
DA:60,65
DA:61,12
DA:62,9
DA:63,2
DA:64,11
DA:65,66
DA:69,15
DA:70,75
DA:73,12
DA:79,3
DA:80,28
DA:81,61
DA:82,51
DA:83,42
DA:84,25
DA:86,61
DA:87,18
DA:88,13
DA:89,42
DA:90,19
DA:91,23
DA:92,36
DA:93,30
DA:94,16
DA:95,4
DA:97,18
DA:98,31
DA:100,23
DA:101,36
DA:102,12
DA:105,12
DA:111,3
DA:112,28
DA:113,61
DA:114,51
DA:115,42
DA:116,25
DA:117,42
DA:119,115
DA:120,18
DA:121,34
DA:122,11
DA:123,23
DA:124,29
DA:125,25
DA:126,11
DA:127,21
DA:128,18
DA:129,7
DA:132,23
DA:133,36
DA:134,20
DA:137,12
DA:141,3
DA:142,28
DA:143,61
DA:144,51
DA:145,42
DA:146,49
DA:149,12
DA:154,3
DA:155,28
DA:156,61
DA:157,51
DA:158,42
DA:159,73
DA:160,38
DA:162,18
DA:163,18
DA:164,56
DA:165,58
DA:166,52
DA:167,2
DA:168,54
DA:169,16
DA:172,12
DA:176,3
DA:177,28
DA:178,61
DA:179,51
DA:180,42
DA:181,73
DA:183,18
DA:184,8
DA:185,54
DA:186,16
DA:189,12
DA:194,3
DA:195,28
DA:196,61
DA:197,51
DA:198,42
DA:199,63
DA:201,76
DA:202,51
DA:204,21
DA:205,24
DA:206,89
DA:207,62
DA:208,2
DA:210,35
DA:211,93
DA:212,45
DA:213,21
DA:214,32
DA:215,36
DA:216,2
DA:217,19
DA:220,12
DA:222,3
DA:223,67
DA:224,54
DA:225,42
DA:227,76
DA:228,84
DA:230,27
DA:231,37
DA:232,71
DA:233,47
DA:234,23
DA:235,34
DA:236,38
DA:237,4
DA:238,55
DA:239,2
DA:241,37
DA:242,37
DA:243,38
DA:244,48
DA:245,40
DA:246,56
DA:247,68
DA:248,2
DA:250,78
DA:251,68
DA:253,25
DA:255,35
DA:256,42
DA:257,43
DA:258,35
DA:259,48
DA:260,27
DA:261,4
DA:262,45
DA:263,21
DA:264,32
DA:265,36
DA:266,2
DA:267,63
LF:183
LH:183
end_of_record
TN:
SF:src/memory/store.ts
FNF:16
FNH:16
DA:2,33
DA:4,42
DA:5,41
DA:16,15
DA:17,71
DA:18,60
DA:19,27
DA:22,20
DA:23,41
DA:26,12
DA:34,3
DA:35,65
DA:36,46
DA:37,53
DA:38,29
DA:39,42
DA:40,10
DA:41,25
DA:42,33
DA:43,21
DA:44,25
DA:45,26
DA:46,2
DA:47,2
DA:48,39
DA:49,23
DA:50,31
DA:51,19
DA:52,23
DA:53,24
DA:54,3
DA:57,12
DA:65,3
DA:66,65
DA:67,46
DA:68,53
DA:69,29
DA:70,40
DA:71,10
DA:72,25
DA:73,33
DA:74,29
DA:75,25
DA:76,20
DA:77,2
DA:78,2
DA:79,37
DA:80,23
DA:81,31
DA:82,27
DA:83,23
DA:84,18
DA:85,3
DA:88,12
DA:94,3
DA:95,65
DA:96,46
DA:97,53
DA:98,29
DA:99,44
DA:100,10
DA:101,25
DA:102,33
DA:103,18
DA:104,2
DA:105,2
DA:106,41
DA:107,23
DA:108,31
DA:109,16
DA:110,3
DA:113,12
DA:120,3
DA:121,65
DA:122,46
DA:123,53
DA:124,29
DA:125,42
DA:126,10
DA:127,25
DA:128,33
DA:129,25
DA:130,22
DA:131,2
DA:132,2
DA:133,39
DA:134,23
DA:135,31
DA:136,23
DA:137,20
DA:138,3
DA:141,12
DA:147,3
DA:148,65
DA:149,46
DA:150,53
DA:151,29
DA:152,42
DA:153,10
DA:154,25
DA:155,33
DA:156,22
DA:157,2
DA:158,2
DA:159,39
DA:160,23
DA:161,31
DA:162,20
DA:163,3
DA:166,12
DA:173,3
DA:174,65
DA:175,46
DA:176,53
DA:177,29
DA:178,51
DA:179,10
DA:180,25
DA:181,33
DA:182,33
DA:183,32
DA:184,2
DA:185,2
DA:186,48
DA:187,23
DA:188,31
DA:189,31
DA:190,30
DA:191,3
DA:194,12
DA:198,3
DA:199,65
DA:200,46
DA:201,53
DA:202,29
DA:203,55
DA:204,10
DA:205,36
DA:206,2
DA:207,2
DA:208,52
DA:209,34
DA:210,2
LF:143
LH:143
end_of_record
TN:
SF:src/memory/text.ts
FNF:6
FNH:6
DA:1,25
DA:2,44
DA:3,31
DA:6,16
DA:7,58
DA:10,16
DA:11,22
DA:12,31
DA:13,28
DA:14,35
DA:15,32
DA:16,42
DA:17,83
DA:18,4
DA:19,18
DA:20,66
DA:21,11
DA:24,26
DA:25,84
DA:26,35
DA:29,34
DA:30,44
DA:31,77
DA:32,69
DA:33,55
DA:34,50
DA:35,37
DA:36,82
DA:39,32
DA:40,78
DA:41,61
LF:31
LH:31
end_of_record
TN:
SF:src/models/aliases.ts
FNF:2
FNH:2
DA:3,16
DA:4,17
DA:5,26
DA:6,54
DA:7,47
DA:8,33
DA:9,2
DA:10,11
DA:13,25
DA:14,24
DA:15,48
DA:16,26
LF:12
LH:12
end_of_record
TN:
SF:src/models/capabilities.ts
FNF:2
FNH:2
DA:42,10
DA:43,35
DA:44,12
DA:45,69
DA:46,58
DA:47,55
DA:48,40
DA:49,2
DA:52,13
DA:57,3
DA:59,28
DA:60,49
DA:61,46
DA:62,48
DA:64,85
DA:66,18
DA:67,110
DA:68,108
DA:69,79
DA:70,54
DA:71,55
DA:72,95
DA:73,89
DA:74,109
DA:75,93
DA:76,82
DA:77,85
DA:78,69
DA:79,78
DA:80,4
DA:82,15
DA:83,12
DA:84,23
DA:85,1
LF:34
LH:34
end_of_record
TN:
SF:src/models/capability-overrides.ts
FNF:2
FNH:2
DA:5,6
DA:6,13
DA:7,11
DA:8,3
DA:9,26
DA:10,32
DA:11,44
DA:12,87
DA:13,22
LF:9
LH:9
end_of_record
TN:
SF:src/models/catalog.ts
FNF:23
FNH:23
DA:2,41
DA:22,11
DA:23,13
DA:26,16
DA:27,27
DA:30,16
DA:31,49
DA:32,47
DA:35,30
DA:36,34
DA:39,20
DA:40,17
DA:41,38
DA:42,41
DA:43,66
DA:44,40
DA:45,18
DA:46,48
DA:47,32
DA:48,16
DA:49,36
DA:50,41
DA:51,47
DA:52,28
DA:53,27
DA:54,28
DA:55,26
DA:56,86
DA:57,84
DA:58,10
DA:59,56
DA:60,82
DA:61,37
DA:62,7
DA:63,2
DA:64,2
DA:65,11
DA:68,27
DA:69,41
DA:84,35
DA:85,44
DA:88,71
DA:91,43
DA:96,52
DA:98,12
DA:99,2
DA:102,6
DA:103,7
DA:104,11
DA:105,3
DA:106,54
DA:107,44
DA:108,91
DA:111,17
DA:112,25
DA:113,14
DA:114,46
DA:115,44
DA:116,46
DA:117,49
DA:118,80
DA:119,69
DA:120,67
DA:121,11
DA:124,26
DA:125,72
DA:126,36
DA:127,21
DA:130,17
DA:131,25
DA:132,14
DA:133,46
DA:134,43
DA:135,118
DA:136,68
DA:137,94
DA:138,11
DA:140,56
DA:143,17
DA:144,25
DA:145,14
DA:146,46
DA:147,44
DA:148,44
DA:149,67
DA:150,57
DA:151,67
DA:152,11
DA:154,56
DA:173,27
DA:174,88
DA:175,17
DA:178,6
DA:179,8
DA:180,10
DA:181,3
DA:182,70
DA:183,82
LF:98
LH:98
end_of_record
TN:
SF:src/models/cost.ts
FNF:2
FNH:2
DA:4,14
DA:5,41
DA:6,43
DA:7,71
DA:8,90
DA:9,1
DA:12,6
DA:13,5
DA:14,11
DA:18,3
DA:19,48
DA:20,42
DA:21,44
DA:23,73
DA:24,42
DA:25,2
DA:27,32
DA:28,40
DA:29,2
DA:31,33
DA:32,64
DA:33,2
DA:35,51
DA:36,47
LF:24
LH:24
end_of_record
TN:
SF:src/models/hydrate.ts
FNF:2
FNH:2
DA:2,45
DA:4,64
DA:5,42
DA:14,12
DA:24,3
DA:25,51
DA:26,55
DA:27,47
DA:28,5
DA:30,46
DA:31,55
DA:33,26
DA:34,15
DA:35,48
DA:36,24
DA:38,62
DA:39,28
DA:40,12
DA:41,36
DA:42,33
DA:43,5
DA:44,93
DA:46,21
DA:48,18
DA:49,64
DA:50,32
DA:51,20
DA:53,43
DA:54,83
DA:56,48
DA:57,30
DA:58,38
DA:59,14
DA:60,35
DA:61,7
DA:63,31
DA:64,53
DA:65,32
DA:66,58
DA:67,15
DA:68,57
DA:69,92
DA:71,13
DA:72,30
DA:73,31
DA:74,77
DA:75,16
DA:76,147
DA:78,1
DA:79,8
DA:82,46
DA:84,37
DA:85,22
DA:86,22
DA:87,28
DA:88,20
DA:89,34
DA:90,7
DA:91,2
DA:92,2
DA:94,49
LF:61
LH:61
end_of_record
TN:
SF:src/models/resolver.ts
FNF:15
FNH:15
DA:3,41
DA:4,57
DA:5,67
DA:6,90
DA:7,34
DA:14,11
DA:15,12
DA:40,9
DA:41,41
DA:42,16
DA:43,59
DA:44,47
DA:45,66
DA:46,6
DA:49,27
DA:50,56
DA:51,87
DA:52,28
DA:55,29
DA:56,61
DA:57,29
DA:58,64
DA:59,2
DA:60,31
DA:61,55
DA:62,2
DA:63,29
DA:64,51
DA:65,2
DA:66,29
DA:67,45
DA:68,2
DA:69,8
DA:72,6
DA:78,3
DA:79,22
DA:80,20
DA:81,36
DA:82,18
DA:83,33
DA:84,18
DA:85,58
DA:86,18
DA:87,54
DA:88,23
DA:89,48
DA:91,9
DA:95,23
DA:96,72
DA:97,70
DA:98,78
DA:99,105
DA:100,117
DA:101,11
DA:104,1
DA:105,11
DA:106,10
DA:107,11
DA:108,3
DA:109,19
DA:110,56
DA:111,75
DA:112,41
DA:113,41
DA:114,30
DA:115,62
DA:116,72
DA:117,54
DA:118,93
DA:119,14
DA:120,45
DA:121,29
DA:122,23
DA:123,19
DA:124,39
DA:125,12
DA:126,1
DA:127,2
DA:128,6
DA:131,22
DA:132,37
DA:133,17
DA:134,38
DA:135,81
DA:136,40
DA:137,37
DA:138,53
DA:139,4
DA:140,42
DA:141,46
DA:142,39
DA:143,36
DA:144,9
DA:145,21
DA:146,4
DA:147,2
DA:148,2
DA:149,24
DA:152,21
DA:153,27
DA:154,14
DA:156,53
DA:157,45
DA:159,52
DA:160,37
DA:162,17
DA:163,30
DA:164,72
DA:165,87
DA:166,45
DA:167,4
DA:169,70
DA:170,57
DA:172,26
DA:174,44
DA:175,83
DA:176,42
DA:177,55
DA:178,83
DA:179,48
DA:180,16
DA:181,18
DA:182,33
DA:183,17
DA:184,11
DA:185,70
DA:187,22
DA:188,63
DA:189,59
DA:191,38
DA:192,110
DA:193,109
DA:194,107
DA:195,8
DA:197,40
DA:198,19
DA:199,8
DA:201,69
DA:203,57
DA:204,52
DA:205,33
DA:207,27
DA:208,15
DA:209,34
DA:210,27
DA:211,29
DA:212,47
DA:213,13
DA:214,9
DA:215,4
DA:216,4
DA:218,35
DA:219,16
DA:220,114
DA:221,61
DA:222,1
DA:223,4
DA:225,47
DA:226,20
DA:227,2
DA:229,40
DA:230,53
DA:231,72
DA:232,21
DA:233,16
DA:234,58
DA:235,59
DA:236,1
DA:237,4
DA:238,57
DA:239,23
DA:240,16
DA:241,84
DA:242,65
DA:243,1
DA:244,4
DA:245,38
DA:246,90
DA:247,44
DA:248,12
DA:249,30
DA:250,29
DA:251,13
DA:252,7
DA:253,14
DA:254,28
DA:255,36
DA:256,30
DA:257,25
DA:258,55
DA:259,12
DA:260,1
DA:261,2
DA:263,21
DA:264,41
DA:265,81
DA:266,53
DA:267,40
DA:268,53
DA:269,81
DA:270,46
DA:271,14
DA:272,16
DA:273,31
DA:274,15
DA:275,9
DA:276,22
DA:277,13
DA:278,32
DA:279,25
DA:280,27
DA:281,30
DA:282,64
DA:283,7
DA:284,2
DA:285,2
DA:287,28
DA:288,44
DA:289,17
DA:290,2
DA:292,72
DA:293,12
DA:294,51
DA:295,13
DA:296,1
LF:225
LH:225
end_of_record
TN:
SF:src/orchestrator/index.ts
FNF:20
FNH:20
DA:3,88
DA:9,42
DA:33,36
DA:34,9
DA:35,10
DA:36,3
DA:37,35
DA:38,60
DA:39,37
DA:41,24
DA:42,27
DA:43,54
DA:44,56
DA:45,28
DA:46,82
DA:47,4
DA:53,55
DA:56,35
DA:57,39
DA:58,23
DA:59,32
DA:60,34
DA:61,7
DA:62,76
DA:64,17
DA:65,27
DA:66,34
DA:67,57
DA:69,21
DA:70,55
DA:71,4
DA:73,65
DA:74,34
DA:75,7
DA:76,41
DA:77,53
DA:78,4
DA:80,47
DA:83,29
DA:88,5
DA:89,74
DA:90,32
DA:91,7
DA:92,35
DA:93,23
DA:94,37
DA:95,33
DA:96,17
DA:97,68
DA:98,79
DA:99,81
DA:100,86
DA:101,5
DA:102,3
DA:103,7
DA:104,47
DA:105,56
DA:106,62
DA:107,23
DA:109,44
DA:110,46
DA:111,41
DA:112,32
DA:113,6
DA:114,1
DA:115,5
DA:118,23
DA:119,37
DA:120,40
DA:122,31
DA:123,25
DA:124,37
DA:125,71
DA:126,49
DA:127,8
DA:128,9
DA:129,6
DA:132,22
DA:133,47
DA:134,88
DA:137,12
DA:138,17
DA:139,17
DA:140,16
DA:141,10
DA:142,9
DA:143,28
DA:144,2
LF:88
LH:88
end_of_record
TN:
SF:src/orchestrator/router.ts
FNF:2
FNH:2
DA:1,52
DA:5,13
DA:9,3
DA:10,73
DA:11,59
DA:13,60
DA:14,35
DA:16,44
DA:17,37
LF:9
LH:9
end_of_record
TN:
SF:src/permissions/validator.ts
FNF:6
FNH:6
DA:3,77
DA:4,98
DA:5,79
DA:6,87
DA:8,20
DA:9,56
DA:10,55
DA:11,4
DA:12,29
DA:13,35
DA:16,25
DA:17,34
DA:18,30
DA:19,19
DA:21,12
DA:22,75
DA:23,60
DA:24,14
DA:25,73
DA:26,67
DA:27,3
DA:28,2
DA:31,13
DA:34,3
DA:35,41
DA:36,37
DA:38,42
DA:40,42
DA:42,57
DA:43,31
DA:44,78
DA:45,25
DA:46,2
DA:47,37
DA:48,47
DA:49,25
DA:50,2
DA:51,3
DA:53,55
DA:54,30
DA:55,40
DA:56,25
DA:57,2
DA:58,2
DA:60,51
DA:61,28
DA:62,38
DA:63,25
DA:64,2
DA:65,2
DA:67,28
DA:68,70
DA:69,48
DA:70,38
DA:71,4
DA:72,2
DA:73,2
DA:75,16
DA:78,22
DA:79,28
DA:81,19
DA:82,106
DA:83,103
DA:84,41
DA:86,112
DA:87,109
DA:89,27
DA:90,52
DA:91,62
DA:92,15
DA:93,63
DA:94,2
DA:96,34
DA:97,23
LF:74
LH:74
end_of_record
TN:
SF:src/profiles/discovery.ts
FNF:5
FNH:5
DA:9,24
DA:10,109
DA:11,5
DA:12,72
DA:13,22
DA:14,14
DA:15,25
DA:16,4
DA:17,115
DA:18,120
DA:19,112
DA:20,96
DA:21,1
DA:23,10
DA:24,56
DA:25,47
DA:28,6
DA:29,7
DA:30,10
DA:31,9
DA:32,3
DA:33,33
DA:34,25
DA:36,51
DA:37,18
DA:38,23
DA:40,41
DA:41,73
DA:42,29
DA:43,33
DA:44,4
DA:45,4
DA:47,103
DA:48,10
DA:49,18
DA:51,34
DA:52,54
DA:53,20
DA:54,41
DA:55,87
DA:56,19
DA:57,42
DA:58,44
DA:59,19
DA:60,43
DA:61,5
DA:62,4
DA:64,21
DA:65,26
DA:66,23
DA:67,14
DA:68,66
DA:69,7
DA:70,2
DA:71,2
DA:73,74
DA:74,49
DA:77,26
DA:78,69
DA:79,25
LF:60
LH:60
end_of_record
TN:
SF:src/prompts/orchestrator-system.ts
FNF:5
FNH:5
DA:16,16
DA:17,60
DA:19,22
DA:22,14
DA:23,589
DA:34,6
DA:35,4
DA:38,29
DA:39,30
DA:40,33
DA:41,17
DA:42,30
DA:43,61
DA:44,55
DA:45,77
DA:46,167
DA:47,2
DA:48,13
DA:50,14
DA:51,109
DA:55,498
DA:67,6
DA:68,4
DA:69,2
DA:72,35
DA:73,103
DA:74,14
DA:75,85
DA:78,32
DA:80,6
DA:81,4
DA:82,11
DA:83,14
DA:84,106
DA:88,6
DA:89,6
DA:93,23
DA:94,14
DA:95,1097
DA:131,6
DA:132,4
DA:133,2
DA:136,14
DA:137,755
DA:153,6
DA:154,4
DA:157,14
DA:158,915
DA:179,6
DA:180,4
DA:182,25
DA:188,13
DA:191,3
DA:192,52
DA:193,54
DA:195,30
DA:196,100
DA:197,2
DA:199,43
DA:200,48
DA:201,76
DA:202,2
DA:203,29
DA:204,57
DA:205,2
DA:206,79
DA:207,21
LF:67
LH:67
end_of_record
TN:
SF:src/skills/builtin.ts
FNF:1
FNH:1
DA:14,11
DA:16,14
LF:2
LH:2
end_of_record
TN:
SF:src/skills/convert.ts
FNF:3
FNH:3
DA:3,24
DA:4,69
DA:5,28
DA:6,28
DA:7,58
DA:8,83
DA:11,26
DA:12,25
DA:13,21
DA:14,72
DA:15,25
DA:16,35
DA:17,37
DA:18,25
DA:19,37
DA:20,23
DA:21,43
DA:22,37
DA:23,49
DA:24,29
DA:25,29
DA:27,37
DA:28,41
DA:29,21
DA:30,21
DA:31,34
DA:32,4
DA:34,12
DA:35,19
DA:36,11
DA:37,16
DA:38,45
DA:39,64
DA:40,22
DA:41,25
DA:42,18
DA:43,2
DA:46,16
DA:47,12
DA:48,17
DA:49,45
DA:50,45
DA:51,45
DA:52,71
DA:53,73
DA:54,37
DA:55,53
DA:56,47
DA:57,35
DA:58,47
DA:59,33
DA:60,59
DA:61,47
DA:62,39
DA:63,39
DA:65,47
DA:66,51
DA:67,31
DA:68,31
DA:69,44
DA:70,1
LF:61
LH:61
end_of_record
TN:
SF:src/skills/crud.ts
FNF:15
FNH:15
DA:1,37
DA:2,56
DA:3,42
DA:5,57
DA:6,45
DA:7,157
DA:15,47
DA:17,12
DA:18,74
DA:21,27
DA:22,79
DA:23,14
DA:24,20
DA:25,2
DA:26,20
DA:27,93
DA:28,2
DA:30,30
DA:31,48
DA:32,47
DA:33,2
DA:35,11
DA:38,20
DA:39,54
DA:40,28
DA:41,22
DA:42,42
DA:43,4
DA:44,76
DA:45,45
DA:48,34
DA:49,47
DA:50,101
DA:52,79
DA:53,73
DA:54,30
DA:55,72
DA:56,2
DA:58,40
DA:59,54
DA:60,16
DA:61,13
DA:64,6
DA:65,4
DA:66,9
DA:67,7
DA:68,11
DA:69,3
DA:70,70
DA:71,46
DA:72,17
DA:73,104
DA:75,20
DA:76,7
DA:77,23
DA:78,33
DA:79,32
DA:80,70
DA:81,91
DA:82,70
DA:83,6
DA:84,64
DA:85,4
DA:87,48
DA:88,27
DA:90,41
DA:91,48
DA:92,16
DA:93,13
DA:96,31
DA:97,70
DA:98,65
DA:99,31
DA:100,64
DA:101,12
DA:104,6
DA:105,10
DA:106,7
DA:107,7
DA:108,11
DA:109,3
DA:110,55
DA:111,73
DA:113,19
DA:114,14
DA:115,23
DA:116,25
DA:117,15
DA:118,6
DA:119,35
DA:120,4
DA:122,51
DA:125,20
DA:126,51
DA:127,31
LF:95
LH:95
end_of_record
TN:
SF:src/skills/events.ts
FNF:4
FNH:4
DA:1,43
DA:14,11
DA:15,35
DA:17,12
DA:18,23
DA:19,38
DA:21,24
DA:22,36
DA:23,43
DA:25,1
LF:10
LH:10
end_of_record
TN:
SF:src/skills/loader.ts
FNF:12
FNH:12
DA:1,37
DA:2,59
DA:3,42
DA:5,41
DA:6,138
DA:13,53
DA:26,16
DA:27,19
DA:28,44
DA:29,50
DA:30,52
DA:32,21
DA:33,60
DA:34,66
DA:35,40
DA:36,66
DA:37,4
DA:38,43
DA:39,66
DA:40,2
DA:41,2
DA:43,85
DA:44,91
DA:46,12
DA:49,17
DA:50,36
DA:51,63
DA:52,23
DA:53,33
DA:54,42
DA:55,56
DA:56,43
DA:57,55
DA:58,2
DA:59,16
DA:62,13
DA:63,56
DA:64,37
DA:65,28
DA:66,23
DA:67,46
DA:68,4
DA:70,42
DA:71,90
DA:72,2
DA:74,59
DA:75,27
DA:76,92
DA:77,61
DA:78,2
DA:80,45
DA:81,42
DA:83,12
DA:84,20
DA:85,28
DA:86,16
DA:87,30
DA:88,32
DA:89,50
DA:90,56
DA:91,48
DA:92,30
DA:93,23
DA:94,2
DA:97,24
DA:98,50
DA:99,53
DA:100,32
DA:101,65
DA:102,2
DA:103,2
DA:105,58
DA:106,39
DA:107,24
DA:110,20
DA:111,25
DA:112,60
DA:113,30
DA:114,66
DA:115,38
DA:116,13
DA:117,62
DA:118,11
DA:121,2
DA:122,2
DA:124,14
DA:127,20
DA:128,58
DA:129,37
DA:130,57
DA:132,41
DA:133,24
DA:134,2
DA:136,13
LF:94
LH:94
end_of_record
TN:
SF:src/skills/parse.ts
FNF:2
FNH:2
DA:1,70
DA:8,19
DA:9,53
DA:10,42
DA:11,57
DA:12,69
DA:13,2
DA:15,20
DA:16,45
DA:17,37
DA:18,19
DA:19,5
DA:20,2
DA:21,2
DA:23,25
DA:24,61
DA:25,2
DA:27,53
DA:28,37
DA:29,72
DA:30,59
DA:31,2
DA:33,19
DA:34,20
DA:35,9
DA:36,9
DA:38,12
DA:39,24
DA:40,6
DA:41,2
DA:44,28
DA:45,52
DA:46,34
DA:47,36
LF:34
LH:34
end_of_record
TN:
SF:src/skills/paths.ts
FNF:16
FNH:16
DA:1,37
DA:2,34
DA:3,42
DA:4,41
DA:10,33
DA:11,49
DA:12,34
DA:13,28
DA:14,35
DA:15,38
DA:16,50
DA:17,51
DA:18,2
DA:20,28
DA:21,60
DA:22,36
DA:23,2
DA:25,11
DA:26,23
DA:27,20
DA:28,30
DA:29,36
DA:30,19
DA:31,20
DA:32,2
DA:33,14
DA:36,21
DA:37,79
DA:40,35
DA:41,25
DA:42,17
DA:43,42
DA:44,36
DA:45,38
DA:46,19
DA:47,1
DA:50,21
DA:51,20
DA:52,114
DA:53,21
DA:54,64
DA:55,50
DA:56,2
DA:57,60
DA:58,37
DA:59,16
DA:62,21
DA:63,54
DA:64,40
DA:65,49
DA:66,2
DA:67,21
DA:70,11
DA:71,61
DA:72,50
DA:75,21
DA:76,24
DA:77,53
DA:78,65
DA:79,3
DA:82,21
DA:83,57
DA:84,40
DA:85,49
DA:86,2
DA:87,21
DA:90,11
DA:91,61
DA:92,53
DA:95,21
DA:96,24
DA:97,56
DA:98,68
DA:99,3
DA:102,32
DA:103,65
DA:104,21
DA:105,49
DA:108,32
DA:109,28
DA:110,96
DA:111,52
DA:114,32
DA:115,60
DA:118,32
DA:119,62
LF:86
LH:86
end_of_record
TN:
SF:src/skills/service.ts
FNF:13
FNH:13
DA:2,79
DA:3,46
DA:4,52
DA:5,44
DA:17,21
DA:18,38
DA:19,52
DA:21,12
DA:22,10
DA:23,9
DA:24,54
DA:25,39
DA:28,11
DA:29,38
DA:32,21
DA:33,65
DA:34,52
DA:35,17
DA:38,27
DA:39,71
DA:40,52
DA:41,17
DA:44,18
DA:45,59
DA:46,69
DA:47,14
DA:50,31
DA:51,78
DA:52,52
DA:53,15
DA:55,1
LF:31
LH:31
end_of_record
TN:
SF:src/skills/validate.ts
FNF:8
FNH:8
DA:9,47
DA:11,11
DA:12,75
DA:15,11
DA:16,31
DA:17,62
DA:20,11
DA:21,70
DA:24,25
DA:25,28
DA:26,37
DA:27,85
DA:28,6
DA:29,2
DA:31,17
DA:33,47
DA:34,24
DA:35,46
DA:36,116
DA:37,54
DA:38,53
DA:39,105
DA:40,5
DA:41,118
DA:42,52
DA:43,52
DA:44,103
DA:45,5
DA:46,112
DA:47,48
DA:48,50
DA:49,99
DA:50,3
DA:51,52
DA:52,105
DA:53,3
DA:55,42
DA:56,19
DA:57,69
DA:58,69
DA:59,120
DA:60,8
DA:61,6
DA:62,29
DA:63,29
DA:64,65
DA:65,6
DA:66,2
DA:67,47
DA:68,95
DA:69,3
DA:71,42
DA:72,36
DA:73,34
DA:74,32
DA:75,110
DA:76,101
DA:77,35
DA:78,36
DA:79,3
DA:80,47
DA:81,95
DA:82,3
DA:84,11
DA:87,22
DA:88,20
DA:90,67
DA:91,63
DA:92,11
DA:93,48
DA:94,104
DA:95,4
DA:96,71
DA:97,77
DA:98,4
DA:101,81
DA:102,77
DA:103,91
DA:104,91
DA:105,3
DA:107,69
DA:108,65
DA:109,2
DA:111,47
DA:112,117
DA:113,100
DA:114,2
DA:115,2
DA:117,80
DA:118,82
DA:119,2
DA:121,76
DA:122,79
DA:123,2
DA:125,101
DA:126,87
DA:127,2
DA:129,95
DA:130,81
DA:131,2
DA:133,107
DA:134,93
DA:135,2
DA:137,86
DA:138,74
DA:139,2
DA:141,82
DA:142,85
DA:143,2
DA:145,55
DA:147,46
DA:150,16
DA:151,20
DA:153,51
DA:154,59
DA:155,11
DA:156,40
DA:157,100
DA:158,4
DA:159,55
DA:160,73
DA:161,4
DA:164,48
DA:165,85
DA:166,2
DA:168,28
DA:169,22
DA:170,42
DA:171,4
DA:173,66
DA:174,43
DA:176,45
LF:132
LH:132
end_of_record
TN:
SF:src/tools/hooks.ts
FNF:13
FNH:13
DA:1,74
DA:2,79
DA:6,17
DA:8,29
DA:9,35
DA:11,29
DA:12,35
DA:14,41
DA:15,51
DA:16,73
DA:17,81
DA:18,4
DA:20,110
DA:21,49
DA:22,49
DA:23,84
DA:24,87
DA:27,4
DA:31,26
DA:32,30
DA:33,60
DA:36,63
DA:37,23
DA:38,27
DA:39,20
DA:40,7
DA:42,64
DA:43,13
DA:44,39
DA:45,21
DA:46,51
DA:47,7
DA:49,43
DA:52,107
DA:53,34
DA:54,19
DA:55,74
DA:57,123
DA:59,108
DA:61,6
DA:62,6
DA:63,4
DA:67,26
DA:68,30
DA:69,60
DA:70,95
LF:46
LH:46
end_of_record
TN:
SF:src/tools/index.ts
FNF:7
FNH:7
DA:6,92
DA:7,51
DA:8,51
DA:9,55
DA:27,50
DA:28,100
DA:29,108
DA:30,81
DA:33,21
DA:34,19
DA:35,21
DA:36,26
DA:37,4
DA:40,27
DA:41,21
DA:42,4
DA:44,12
DA:45,9
DA:46,15
DA:47,35
DA:48,65
DA:49,64
DA:50,18
DA:51,17
DA:52,28
DA:53,2
LF:26
LH:26
end_of_record
TN:
SF:src/tools/linear-tools.ts
FNF:19
FNH:19
DA:1,43
DA:2,154
DA:17,11
DA:18,38
DA:26,12
DA:29,3
DA:30,10
DA:31,28
DA:32,56
DA:33,13
DA:38,36
DA:39,48
DA:40,13
DA:41,58
DA:42,92
DA:43,113
DA:44,73
DA:45,5
DA:46,13
DA:47,41
DA:48,25
DA:49,26
DA:50,38
DA:51,32
DA:52,29
DA:53,9
DA:54,26
DA:55,26
DA:56,37
DA:57,26
DA:58,20
DA:59,5
DA:61,5
DA:63,36
DA:64,51
DA:65,13
DA:66,57
DA:67,67
DA:68,79
DA:69,70
DA:70,5
DA:71,13
DA:72,41
DA:73,25
DA:74,30
DA:75,26
DA:76,38
DA:77,29
DA:78,9
DA:79,92
DA:81,5
DA:83,35
DA:84,51
DA:85,13
DA:86,57
DA:87,66
DA:88,5
DA:89,13
DA:90,101
DA:91,87
DA:93,5
DA:95,33
DA:96,49
DA:97,13
DA:98,57
DA:99,61
DA:100,5
DA:101,13
DA:102,103
DA:103,68
DA:105,5
DA:107,36
DA:108,57
DA:109,13
DA:110,57
DA:111,62
DA:112,5
DA:113,13
DA:114,108
DA:115,68
DA:117,5
DA:119,35
DA:120,88
DA:121,13
DA:122,57
DA:123,20
DA:124,9
DA:125,93
DA:126,5
DA:127,13
DA:128,107
DA:129,87
DA:131,5
DA:135,34
DA:136,67
DA:137,12
DA:138,9
DA:139,13
DA:140,35
DA:141,85
DA:142,15
DA:143,74
DA:146,5
DA:148,33
DA:149,55
DA:150,13
DA:151,86
DA:152,5
DA:153,13
DA:154,80
DA:155,26
DA:157,5
DA:160,25
DA:161,39
DA:162,37
DA:163,43
DA:164,41
DA:165,37
DA:166,43
DA:167,38
DA:168,4
DA:170,12
DA:172,21
DA:173,48
DA:174,15
DA:175,6
DA:177,22
DA:178,1
LF:128
LH:128
end_of_record
TN:
SF:src/tools/worker-tools.ts
FNF:23
FNH:23
DA:1,42
DA:13,6
DA:14,31
DA:15,46
DA:16,42
DA:17,44
DA:18,43
DA:19,2
DA:22,11
DA:23,38
DA:26,15
DA:27,30
DA:28,48
DA:29,13
DA:30,65
DA:31,5
DA:32,13
DA:33,106
DA:34,26
DA:35,30
DA:36,30
DA:37,26
DA:38,33
DA:39,5
DA:41,5
DA:43,29
DA:44,41
DA:45,13
DA:46,56
DA:47,5
DA:48,13
DA:49,62
DA:50,41
DA:52,5
DA:54,30
DA:55,40
DA:56,12
DA:57,9
DA:58,17
DA:59,47
DA:60,25
DA:61,29
DA:62,31
DA:63,25
DA:64,21
DA:65,28
DA:66,2
DA:67,4
DA:69,5
DA:71,31
DA:72,50
DA:73,12
DA:74,9
DA:75,17
DA:76,48
DA:77,17
DA:78,21
DA:79,23
DA:80,27
DA:81,31
DA:82,50
DA:83,41
DA:84,2
DA:85,4
DA:87,5
DA:89,28
DA:90,72
DA:91,13
DA:92,59
DA:93,64
DA:94,68
DA:95,102
DA:96,5
DA:97,13
DA:98,38
DA:99,93
DA:100,6
DA:101,74
DA:102,35
DA:103,9
DA:104,30
DA:105,28
DA:107,5
DA:109,33
DA:110,81
DA:111,13
DA:112,59
DA:113,64
DA:114,68
DA:115,102
DA:116,5
DA:117,18
DA:118,38
DA:119,93
DA:120,6
DA:121,46
DA:122,32
DA:123,30
DA:124,34
DA:125,29
DA:126,9
DA:128,19
DA:129,76
DA:130,40
DA:131,24
DA:132,24
DA:133,11
DA:134,28
DA:135,87
DA:136,6
DA:137,8
DA:138,83
DA:139,8
DA:141,63
DA:143,5
DA:145,33
DA:146,48
DA:147,13
DA:148,53
DA:149,72
DA:150,5
DA:151,13
DA:152,91
DA:153,24
DA:155,5
DA:157,31
DA:158,75
DA:159,13
DA:160,62
DA:161,68
DA:162,102
DA:163,5
DA:164,13
DA:165,58
DA:166,24
DA:167,38
DA:168,31
DA:169,9
DA:170,22
DA:172,5
DA:174,12
DA:175,30
DA:176,28
DA:177,30
DA:178,32
DA:179,26
DA:180,37
DA:181,37
DA:182,29
DA:183,1
LF:150
LH:150
end_of_record
TN:
SF:src/tools/workflow-tools.ts
FNF:7
FNH:7
DA:1,42
DA:13,11
DA:14,37
DA:17,6
DA:18,31
DA:19,46
DA:20,42
DA:21,44
DA:22,43
DA:23,3
DA:26,15
DA:27,34
DA:29,32
DA:30,44
DA:31,12
DA:32,9
DA:33,49
DA:35,5
DA:37,30
DA:38,40
DA:39,13
DA:40,63
DA:41,57
DA:42,68
DA:43,47
DA:44,5
DA:45,13
DA:46,57
DA:47,36
DA:48,24
DA:49,38
DA:50,31
DA:51,9
DA:52,24
DA:54,5
DA:56,12
DA:57,34
DA:58,27
DA:59,1
LF:39
LH:39
end_of_record
TN:
SF:src/ux/repo-context.ts
FNF:9
FNH:9
DA:7,46
DA:8,60
DA:9,44
DA:10,42
DA:45,21
DA:46,74
DA:47,90
DA:54,21
DA:55,53
DA:56,9
DA:57,45
DA:58,11
DA:59,12
DA:63,21
DA:65,43
DA:66,6
DA:67,2
DA:69,9
DA:70,49
DA:71,68
DA:72,21
DA:73,23
DA:74,38
DA:75,17
DA:76,14
DA:78,18
DA:79,11
DA:80,61
DA:81,23
DA:82,25
DA:83,40
DA:84,19
DA:85,14
DA:86,4
DA:90,38
DA:91,11
DA:92,61
DA:93,23
DA:94,25
DA:95,40
DA:96,18
DA:97,16
DA:98,46
DA:99,4
DA:103,52
DA:104,11
DA:105,6
DA:109,41
DA:110,56
DA:111,47
DA:112,9
DA:113,45
DA:114,22
DA:117,24
DA:118,21
DA:119,22
DA:120,18
DA:121,12
DA:122,12
DA:123,12
DA:124,14
DA:125,19
DA:126,13
DA:127,14
DA:128,15
DA:129,6
DA:131,44
DA:132,39
DA:133,39
DA:134,62
DA:135,38
DA:136,37
DA:137,25
DA:138,6
DA:140,34
DA:141,48
DA:142,62
DA:143,91
DA:145,13
DA:146,56
DA:147,47
DA:148,35
DA:149,15
DA:150,29
DA:152,4
DA:154,14
DA:155,11
DA:156,10
DA:160,14
DA:165,3
DA:166,32
DA:167,56
DA:168,55
DA:169,34
DA:170,53
DA:171,47
DA:173,40
DA:175,33
DA:176,18
DA:177,18
DA:180,50
DA:181,31
DA:182,11
DA:183,52
DA:184,36
DA:185,92
DA:186,111
DA:187,2
DA:190,2
DA:193,13
DA:194,30
DA:195,73
DA:196,42
DA:197,51
DA:198,36
DA:199,13
DA:200,57
DA:201,55
DA:202,30
DA:203,42
DA:204,6
DA:207,5
DA:208,2
DA:209,2
DA:212,63
DA:215,42
DA:218,22
DA:219,46
DA:220,20
DA:222,21
DA:223,38
DA:224,20
DA:225,2
DA:227,13
DA:228,33
DA:229,68
DA:230,74
DA:231,81
DA:232,20
DA:233,2
DA:235,42
DA:236,23
DA:237,36
DA:238,23
DA:239,20
DA:241,21
DA:242,47
DA:243,61
DA:244,67
DA:245,59
DA:247,30
DA:248,94
DA:249,4
DA:250,27
DA:251,93
DA:252,4
DA:253,30
DA:254,103
DA:255,4
DA:256,20
DA:257,2
DA:259,16
DA:260,31
DA:261,26
DA:262,20
DA:263,2
DA:265,35
DA:266,34
DA:269,41
DA:270,55
DA:271,28
DA:272,19
DA:273,2
DA:275,12
DA:276,20
DA:277,9
DA:278,16
DA:279,16
DA:280,11
DA:281,14
DA:282,8
DA:283,14
DA:284,10
DA:285,2
DA:292,25
DA:293,42
DA:294,14
DA:295,25
DA:296,25
DA:297,6
DA:298,5
DA:300,18
DA:302,57
LF:193
LH:193
end_of_record
TN:
SF:src/ux/vision-attachments.ts
FNF:11
FNH:11
DA:1,46
DA:2,52
DA:3,33
DA:4,33
DA:5,41
DA:6,38
DA:8,57
DA:9,45
DA:12,42
DA:14,33
DA:15,50
DA:16,21
DA:17,21
DA:18,22
DA:19,23
DA:20,21
DA:21,23
DA:22,22
DA:23,4
DA:24,42
DA:35,26
DA:36,13
DA:37,3
DA:38,53
DA:39,51
DA:40,41
DA:41,39
DA:42,40
DA:44,31
DA:45,77
DA:46,22
DA:47,58
DA:48,42
DA:49,63
DA:50,23
DA:51,57
DA:52,23
DA:53,20
DA:54,15
DA:56,63
DA:57,11
DA:58,38
DA:59,34
DA:60,73
DA:61,7
DA:62,40
DA:64,2
DA:66,30
DA:67,11
DA:68,92
DA:69,23
DA:70,22
DA:71,25
DA:72,9
DA:73,49
DA:74,91
DA:75,13
DA:76,13
DA:77,104
DA:78,25
DA:79,24
DA:80,27
DA:81,11
DA:82,51
DA:83,93
DA:84,13
DA:88,2
DA:90,8
DA:99,43
DA:100,9
DA:101,69
DA:102,17
DA:103,105
DA:104,50
DA:105,80
DA:107,42
DA:108,42
DA:109,41
DA:110,99
DA:111,4
DA:113,83
DA:114,44
DA:115,102
DA:116,4
DA:118,40
DA:119,71
DA:120,19
DA:121,62
DA:122,4
DA:123,4
DA:125,72
DA:126,67
DA:127,86
DA:128,4
DA:130,58
DA:131,102
DA:132,3
DA:133,11
DA:134,13
DA:137,13
DA:141,39
DA:142,7
DA:143,8
DA:144,3
DA:145,40
DA:146,61
DA:147,42
DA:148,92
DA:149,50
DA:152,46
LF:110
LH:110
end_of_record
TN:
SF:src/ux/vision-parts.ts
FNF:6
FNH:6
DA:3,31
DA:4,27
DA:5,42
DA:6,96
DA:7,70
DA:8,111
DA:9,116
DA:10,14
DA:14,42
DA:15,43
DA:16,46
DA:24,48
DA:25,20
DA:26,185
DA:29,24
DA:30,42
DA:31,79
DA:32,2
DA:33,21
DA:34,39
DA:35,110
DA:36,2
DA:37,83
DA:41,36
DA:42,7
DA:43,6
DA:44,9
DA:45,3
DA:46,43
DA:47,65
DA:48,59
DA:51,53
DA:52,34
DA:53,76
DA:54,38
DA:55,20
DA:56,2
DA:59,27
DA:60,17
DA:61,9
DA:62,57
DA:63,37
DA:64,37
DA:65,17
DA:66,5
DA:68,22
DA:72,22
LF:47
LH:47
end_of_record
TN:
SF:src/ux/vision-routing.ts
FNF:5
FNH:5
DA:2,64
DA:3,93
DA:6,64
DA:7,93
DA:16,22
DA:17,221
DA:20,11
DA:21,40
DA:25,6
DA:26,7
DA:27,8
DA:28,6
DA:29,6
DA:30,3
DA:31,13
DA:32,42
DA:33,22
DA:34,32
DA:35,10
DA:36,2
DA:37,39
DA:39,65
DA:40,46
DA:42,83
DA:43,69
DA:45,73
DA:46,65
DA:47,92
DA:48,35
DA:50,45
DA:51,55
DA:53,59
DA:55,45
DA:56,47
DA:57,31
DA:60,120
DA:62,9
DA:63,29
DA:64,73
DA:65,51
DA:66,43
DA:67,5
DA:69,70
DA:70,36
DA:71,135
DA:72,95
DA:73,35
DA:74,32
DA:75,9
DA:76,13
DA:77,32
DA:78,27
DA:79,7
DA:80,37
DA:81,20
DA:82,29
DA:83,29
DA:84,20
DA:85,30
DA:86,10
DA:87,13
DA:90,6
DA:91,4
DA:93,61
DA:94,18
DA:95,25
DA:96,35
DA:97,7
DA:99,81
DA:100,95
DA:101,75
DA:102,33
DA:103,30
DA:104,7
DA:107,28
DA:108,35
DA:110,64
DA:111,46
DA:114,25
DA:115,30
DA:116,64
DA:117,20
DA:118,6
DA:120,11
DA:121,30
DA:122,38
DA:123,41
DA:124,35
DA:125,35
DA:126,18
DA:127,27
DA:128,27
DA:129,40
DA:130,29
DA:131,18
DA:132,31
DA:133,16
DA:134,8
DA:135,10
DA:138,17
DA:139,51
DA:140,46
DA:141,92
DA:142,33
DA:143,30
DA:144,7
DA:147,120
DA:149,11
DA:150,30
DA:151,25
DA:152,14
DA:153,35
DA:154,18
DA:155,27
DA:156,27
DA:157,18
DA:158,31
DA:159,16
DA:160,7
DA:161,4
DA:166,7
DA:170,6
DA:171,8
DA:172,7
DA:173,3
DA:174,41
DA:175,32
DA:176,27
DA:177,43
DA:178,59
DA:179,76
DA:180,53
DA:181,28
DA:182,10
DA:183,24
DA:184,34
DA:185,78
DA:186,6
DA:187,61
DA:188,1
LF:140
LH:140
end_of_record
TN:
SF:src/workers/attachments.ts
FNF:12
FNH:12
DA:1,70
DA:2,73
DA:3,47
DA:5,25
DA:6,32
DA:7,37
DA:8,37
DA:9,63
DA:12,12
DA:16,3
DA:17,62
DA:18,58
DA:19,2
DA:21,66
DA:22,21
DA:23,24
DA:25,31
DA:26,48
DA:29,51
DA:30,24
DA:31,40
DA:32,25
DA:33,4
DA:34,23
DA:35,51
DA:36,67
DA:37,53
DA:38,47
DA:39,3
DA:42,18
DA:43,48
DA:44,39
DA:45,32
DA:46,33
DA:47,58
DA:48,34
DA:49,15
DA:50,30
DA:51,69
DA:52,89
DA:53,46
DA:54,27
DA:55,76
DA:57,35
DA:58,28
DA:59,50
DA:60,87
DA:61,85
DA:62,37
DA:63,25
DA:64,82
DA:65,13
DA:66,35
DA:68,2
DA:70,12
DA:71,28
DA:72,20
DA:73,18
DA:74,29
DA:75,15
DA:76,27
DA:77,7
DA:80,1
DA:81,9
DA:83,1
LF:65
LH:65
end_of_record
TN:
SF:src/workers/event-forwarding.ts
FNF:11
FNH:11
DA:25,45
DA:26,44
DA:28,35
DA:30,34
DA:32,36
DA:45,70
DA:47,41
DA:48,64
DA:49,30
DA:50,13
DA:57,6
DA:58,10
DA:59,16
DA:60,16
DA:61,8
DA:62,3
DA:63,88
DA:64,49
DA:65,53
DA:67,20
DA:68,20
DA:69,16
DA:70,28
DA:71,38
DA:73,22
DA:74,64
DA:76,11
DA:78,63
DA:79,41
DA:80,63
DA:81,9
DA:83,51
DA:86,28
DA:87,38
DA:89,35
DA:91,22
DA:92,53
DA:93,8
DA:94,6
DA:95,6
DA:98,37
DA:99,24
DA:101,36
DA:102,36
DA:103,36
DA:106,26
DA:107,65
DA:108,8
DA:109,8
DA:112,53
DA:115,84
DA:116,30
DA:117,20
DA:119,54
DA:120,6
DA:123,27
DA:124,41
DA:125,71
DA:126,5
DA:127,21
DA:128,58
DA:131,88
DA:133,29
DA:135,23
DA:136,6
DA:137,6
DA:140,26
DA:143,34
DA:145,34
DA:146,28
DA:147,20
DA:148,9
DA:149,64
DA:150,10
DA:151,8
DA:152,23
DA:153,6
DA:154,6
DA:157,64
DA:160,59
DA:162,71
DA:163,8
DA:167,18
DA:168,49
DA:169,6
DA:173,47
DA:175,12
DA:176,18
DA:177,21
DA:178,23
DA:179,32
DA:180,28
DA:181,9
DA:183,22
DA:184,1
DA:190,1
DA:191,5
DA:192,10
DA:193,16
DA:194,16
DA:195,7
DA:196,3
DA:197,25
DA:198,52
DA:199,26
DA:200,25
DA:202,16
DA:205,30
DA:206,37
DA:207,61
DA:208,27
DA:211,69
DA:212,71
DA:213,59
DA:214,21
DA:215,37
DA:216,20
DA:217,19
DA:218,47
DA:219,47
DA:220,7
DA:221,9
DA:222,55
DA:223,4
DA:226,61
DA:227,40
DA:228,68
DA:229,59
DA:230,24
DA:231,64
DA:232,29
DA:233,7
DA:234,4
DA:237,60
DA:238,55
DA:239,59
DA:240,22
DA:241,35
DA:242,24
DA:243,9
DA:244,76
DA:245,4
DA:248,67
DA:249,59
DA:250,25
DA:251,31
DA:252,56
DA:253,7
DA:254,2
DA:255,2
DA:258,61
DA:259,47
DA:260,30
DA:261,26
DA:262,92
DA:263,6
DA:264,27
DA:265,59
DA:266,25
DA:267,37
DA:268,35
DA:269,7
DA:270,2
DA:271,2
DA:277,19
DA:278,40
DA:279,42
DA:280,45
DA:281,1
LF:169
LH:169
end_of_record
TN:
SF:src/workers/index.ts
FNF:1
FNH:1
DA:2,79
DA:4,48
DA:5,73
DA:6,78
LF:4
LH:4
end_of_record
TN:
SF:src/workers/jobs.ts
FNF:14
FNH:14
DA:1,82
DA:27,42
DA:28,63
DA:32,1
DA:35,23
DA:39,32
DA:40,56
DA:41,38
DA:42,18
DA:43,62
DA:44,64
DA:45,93
DA:46,95
DA:47,48
DA:48,50
DA:49,12
DA:50,54
DA:51,34
DA:52,27
DA:55,23
DA:56,55
DA:59,34
DA:60,104
DA:61,42
DA:62,89
DA:63,162
DA:64,40
DA:65,9
DA:67,95
DA:68,62
DA:69,40
DA:70,131
DA:71,64
DA:72,26
DA:73,13
DA:74,54
DA:75,9
DA:77,102
DA:80,43
DA:81,68
DA:82,100
DA:83,58
DA:84,84
DA:85,60
DA:86,64
DA:87,104
DA:88,50
DA:89,34
DA:92,42
DA:93,68
DA:94,100
DA:95,52
DA:96,56
DA:97,60
DA:98,64
DA:99,104
DA:100,50
DA:101,34
DA:104,48
DA:105,68
DA:106,44
DA:107,104
DA:108,34
DA:111,43
DA:112,78
DA:113,103
DA:114,152
DA:116,102
DA:117,130
DA:119,75
DA:120,66
DA:121,165
DA:122,30
DA:123,61
DA:124,52
DA:125,45
DA:127,60
DA:128,35
DA:131,36
DA:132,96
DA:133,32
DA:134,60
DA:137,37
DA:138,74
DA:139,44
DA:140,38
DA:141,104
DA:144,36
DA:145,74
DA:146,50
DA:147,56
DA:148,57
DA:149,24
DA:150,9
DA:153,21
DA:154,54
DA:155,83
DA:156,102
DA:157,120
DA:158,86
DA:159,48
DA:160,25
DA:161,9
DA:163,90
DA:164,42
DA:165,51
DA:166,52
DA:167,48
DA:168,25
DA:169,6
DA:171,2
LF:111
LH:111
end_of_record
TN:
SF:src/workers/manager.ts
FNF:36
FNH:36
DA:5,43
DA:6,88
DA:7,44
DA:8,43
DA:9,57
DA:10,61
DA:61,37
DA:62,9
DA:63,10
DA:64,3
DA:65,19
DA:66,56
DA:67,2
DA:68,23
DA:69,43
DA:70,56
DA:71,78
DA:72,74
DA:73,38
DA:74,37
DA:75,27
DA:78,49
DA:79,8
DA:80,15
DA:81,5
DA:83,42
DA:84,36
DA:85,19
DA:86,24
DA:87,17
DA:88,65
DA:89,7
DA:92,30
DA:93,46
DA:94,20
DA:95,27
DA:96,19
DA:97,27
DA:98,22
DA:99,57
DA:100,8
DA:101,6
DA:102,15
DA:103,4
DA:105,51
DA:106,27
DA:108,42
DA:109,10
DA:110,15
DA:111,34
DA:112,14
DA:113,44
DA:114,40
DA:115,32
DA:116,32
DA:117,21
DA:118,17
DA:119,7
DA:120,43
DA:121,11
DA:122,42
DA:124,27
DA:125,31
DA:126,27
DA:127,31
DA:128,27
DA:129,9
DA:130,6
DA:131,24
DA:132,7
DA:133,36
DA:137,52
DA:138,28
DA:139,75
DA:140,105
DA:141,31
DA:142,30
DA:143,29
DA:144,113
DA:145,4
DA:146,104
DA:147,105
DA:150,68
DA:151,70
DA:152,66
DA:153,68
DA:156,28
DA:157,35
DA:158,32
DA:159,19
DA:160,28
DA:161,24
DA:162,54
DA:163,11
DA:165,53
DA:166,32
DA:167,19
DA:168,28
DA:169,30
DA:170,47
DA:171,8
DA:173,4
DA:175,12
DA:176,42
DA:177,53
DA:178,10
DA:179,31
DA:180,49
DA:181,81
DA:182,39
DA:183,70
DA:184,6
DA:185,33
DA:187,31
DA:188,46
DA:189,39
DA:190,13
DA:192,50
DA:193,36
DA:195,47
DA:196,9
DA:197,36
DA:198,51
DA:199,42
DA:201,17
DA:203,43
DA:204,29
DA:205,42
DA:206,36
DA:207,30
DA:208,28
DA:209,19
DA:210,8
DA:211,46
DA:212,33
DA:213,34
DA:214,51
DA:215,53
DA:216,33
DA:217,36
DA:218,42
DA:219,39
DA:220,11
DA:221,8
DA:222,34
DA:223,32
DA:224,26
DA:225,42
DA:226,25
DA:227,52
DA:228,11
DA:229,14
DA:232,50
DA:233,17
DA:234,17
DA:235,16
DA:236,29
DA:237,18
DA:238,9
DA:240,89
DA:241,30
DA:242,32
DA:243,40
DA:244,28
DA:245,24
DA:246,9
DA:247,6
DA:248,88
DA:250,38
DA:251,37
DA:252,56
DA:253,19
DA:254,13
DA:255,27
DA:256,39
DA:257,37
DA:258,17
DA:260,30
DA:261,42
DA:262,52
DA:263,64
DA:264,35
DA:265,28
DA:266,76
DA:267,47
DA:268,6
DA:269,8
DA:270,95
DA:271,50
DA:273,6
DA:274,18
DA:275,36
DA:276,38
DA:277,34
DA:278,40
DA:280,17
DA:281,37
DA:282,39
DA:283,35
DA:284,37
DA:286,40
DA:288,28
DA:289,2
LF:203
LH:203
end_of_record
TN:
SF:src/workers/pid-tracker.ts
FNF:33
FNH:33
DA:1,46
DA:2,34
DA:3,33
DA:11,34
DA:12,54
DA:13,45
DA:14,30
DA:15,45
DA:16,2
DA:17,40
DA:20,66
DA:21,68
DA:36,9
DA:37,34
DA:38,32
DA:39,29
DA:40,46
DA:41,1
DA:44,9
DA:45,9
DA:46,44
DA:47,31
DA:48,37
DA:49,49
DA:50,11
DA:51,4
DA:52,3
DA:53,9
DA:56,45
DA:59,16
DA:60,27
DA:61,31
DA:62,68
DA:68,12
DA:73,3
DA:74,47
DA:77,75
DA:79,24
DA:80,19
DA:81,29
DA:82,21
DA:83,26
DA:84,24
DA:85,5
DA:87,41
DA:93,24
DA:94,41
DA:95,69
DA:96,34
DA:102,9
DA:103,9
DA:104,25
DA:105,12
DA:106,11
DA:107,12
DA:115,16
DA:116,29
DA:117,9
DA:118,56
DA:119,44
DA:120,32
DA:121,64
DA:122,25
DA:123,37
DA:124,9
DA:125,34
DA:126,13
DA:128,72
DA:129,25
DA:130,37
DA:131,9
DA:132,32
DA:134,11
DA:135,12
DA:142,8
DA:143,9
DA:145,33
DA:148,34
DA:149,49
DA:150,47
DA:151,4
DA:154,33
DA:155,12
DA:156,11
DA:158,13
DA:168,14
DA:172,3
DA:173,49
DA:174,42
DA:175,29
DA:177,41
DA:178,21
DA:179,19
DA:181,39
DA:182,60
DA:183,56
DA:184,71
DA:186,53
DA:188,35
DA:189,8
DA:190,4
DA:192,33
DA:195,35
DA:196,8
DA:197,4
DA:200,20
DA:201,2
DA:203,17
DA:204,26
DA:205,35
DA:206,2
DA:209,31
DA:216,20
DA:217,9
DA:218,56
DA:219,44
DA:220,32
DA:222,64
DA:223,25
DA:224,37
DA:225,9
DA:226,27
DA:227,45
DA:228,49
DA:229,57
DA:230,6
DA:231,32
DA:232,29
DA:233,6
DA:234,20
DA:235,13
DA:237,72
DA:238,25
DA:239,37
DA:240,9
DA:241,20
DA:242,7
DA:243,10
DA:244,16
DA:245,32
DA:246,32
DA:247,60
DA:248,6
DA:249,23
DA:251,11
DA:252,13
DA:259,14
DA:260,41
DA:261,20
DA:264,75
DA:266,35
DA:267,37
DA:268,35
DA:269,32
DA:270,2
DA:271,2
DA:274,73
DA:275,35
DA:277,14
DA:283,14
DA:284,41
DA:285,21
DA:291,14
DA:292,67
LF:164
LH:164
end_of_record
TN:
SF:src/workers/profiles/index.ts
FNF:12
FNH:12
DA:11,77
DA:12,54
DA:13,52
DA:24,6
DA:25,12
DA:26,5
DA:27,3
DA:28,54
DA:29,42
DA:30,22
DA:32,38
DA:33,39
DA:34,2
DA:36,16
DA:43,6
DA:44,14
DA:45,11
DA:46,3
DA:47,65
DA:49,37
DA:51,38
DA:52,34
DA:54,37
DA:55,16
DA:57,34
DA:58,16
DA:59,17
DA:61,52
DA:62,62
DA:63,38
DA:64,6
DA:65,13
DA:67,87
DA:68,37
DA:69,6
DA:71,2
DA:73,14
DA:79,23
DA:80,20
DA:86,18
DA:87,20
DA:89,21
DA:90,54
DA:91,56
DA:92,60
DA:93,64
DA:95,14
DA:104,6
DA:105,12
DA:106,17
DA:107,5
DA:108,3
DA:110,68
DA:113,77
DA:116,25
DA:117,63
DA:118,46
DA:119,30
DA:120,2
DA:121,2
DA:123,47
DA:124,20
DA:125,2
DA:128,22
DA:129,63
DA:130,48
DA:131,27
DA:132,2
DA:133,2
DA:135,60
DA:141,26
DA:142,64
DA:143,36
DA:151,34
DA:154,6
DA:155,12
DA:156,14
DA:157,3
DA:158,34
DA:162,20
DA:163,16
DA:164,108
DA:165,60
DA:166,1
LF:84
LH:84
end_of_record
TN:
SF:src/workers/prompt.ts
FNF:7
FNH:7
DA:1,70
DA:2,40
DA:12,14
DA:13,46
DA:14,62
DA:15,44
DA:16,40
DA:17,1
DA:20,16
DA:22,54
DA:23,30
DA:28,12
DA:31,3
DA:32,56
DA:34,74
DA:36,48
DA:37,49
DA:39,98
DA:40,74
DA:44,27
DA:45,51
DA:46,2
DA:47,60
DA:48,82
DA:49,8
DA:50,4
DA:52,77
DA:53,29
DA:54,18
DA:55,19
DA:56,21
DA:57,50
DA:58,17
DA:59,5
DA:60,2
DA:62,13
DA:65,15
DA:66,57
DA:67,29
DA:68,23
DA:69,26
DA:70,56
DA:71,3
DA:74,43
DA:75,60
DA:76,53
DA:78,16
DA:79,21
DA:80,23
DA:81,30
DA:82,34
DA:83,57
DA:84,25
DA:85,79
DA:86,87
DA:87,2
DA:89,49
DA:90,90
DA:91,30
LF:59
LH:59
end_of_record
TN:
SF:src/workers/registry.ts
FNF:19
FNH:19
DA:17,1
DA:20,23
DA:24,40
DA:25,104
DA:26,66
DA:27,68
DA:30,30
DA:31,84
DA:32,54
DA:33,56
DA:34,64
DA:37,23
DA:38,61
DA:41,20
DA:42,87
DA:45,46
DA:46,44
DA:47,101
DA:48,120
DA:49,9
DA:50,33
DA:53,58
DA:54,44
DA:55,101
DA:56,141
DA:57,56
DA:58,23
DA:59,13
DA:60,129
DA:61,52
DA:62,9
DA:63,9
DA:64,33
DA:67,32
DA:68,95
DA:71,32
DA:72,44
DA:73,101
DA:74,178
DA:75,9
DA:76,33
DA:79,62
DA:80,84
DA:81,54
DA:82,58
DA:83,84
DA:84,123
DA:85,68
DA:88,83
DA:89,80
DA:90,112
DA:92,114
DA:94,79
DA:95,70
DA:96,43
DA:97,30
DA:99,75
DA:100,108
DA:101,96
DA:102,56
DA:103,70
DA:104,47
DA:107,64
DA:108,35
DA:111,48
DA:112,106
DA:113,44
DA:114,70
DA:115,81
DA:118,49
DA:119,84
DA:120,44
DA:121,50
DA:122,114
DA:125,22
DA:126,40
DA:127,91
DA:128,38
DA:129,50
DA:130,58
DA:131,62
DA:132,86
DA:133,70
DA:134,78
DA:135,54
DA:136,50
DA:137,42
DA:138,38
DA:139,62
DA:140,116
DA:141,104
DA:142,104
DA:143,70
DA:144,46
DA:145,54
DA:146,53
DA:147,28
DA:148,46
DA:149,82
DA:150,7
DA:151,29
DA:152,14
DA:153,9
DA:154,29
DA:157,50
DA:158,96
DA:159,176
DA:160,152
DA:162,72
DA:163,94
DA:164,188
DA:165,63
DA:166,150
DA:167,9
DA:168,190
DA:169,49
DA:172,50
DA:173,84
DA:174,50
DA:175,57
DA:176,34
DA:177,8
DA:179,1
LF:123
LH:123
end_of_record
TN:
SF:src/workers/send.ts
FNF:13
FNH:13
DA:3,57
DA:5,75
DA:24,34
DA:25,33
DA:30,70
DA:32,36
DA:33,63
DA:34,8
DA:37,35
DA:38,44
DA:39,14
DA:42,43
DA:43,52
DA:44,47
DA:45,25
DA:46,28
DA:47,83
DA:48,65
DA:49,2
DA:50,9
DA:51,29
DA:52,11
DA:53,21
DA:57,30
DA:58,12
DA:59,47
DA:60,31
DA:61,57
DA:62,51
DA:63,13
DA:64,4
DA:66,58
DA:67,36
DA:68,1
DA:71,22
DA:72,53
DA:73,44
DA:74,19
DA:75,85
DA:76,97
DA:80,38
DA:81,24
DA:82,12
DA:83,117
DA:86,11
DA:87,12
DA:88,100
DA:91,16
DA:94,12
DA:100,3
DA:101,54
DA:102,91
DA:104,70
DA:105,84
DA:106,2
DA:108,67
DA:110,37
DA:111,58
DA:112,86
DA:113,18
DA:114,102
DA:115,2
DA:116,2
DA:118,49
DA:119,87
DA:120,2
DA:122,31
DA:123,54
DA:124,53
DA:126,25
DA:127,9
DA:128,30
DA:129,13
DA:130,42
DA:131,23
DA:132,57
DA:133,62
DA:135,4
DA:137,110
DA:139,55
DA:140,46
DA:141,51
DA:142,28
DA:143,7
DA:144,42
DA:146,99
DA:148,38
DA:149,26
DA:150,39
DA:151,22
DA:152,64
DA:153,27
DA:154,23
DA:155,6
DA:157,55
DA:158,56
DA:159,38
DA:160,19
DA:161,27
DA:162,9
DA:163,18
DA:164,35
DA:165,38
DA:166,16
DA:167,32
DA:168,13
DA:169,7
DA:170,3
DA:171,75
DA:172,11
DA:176,31
DA:178,99
DA:180,45
DA:181,20
DA:182,51
DA:183,55
DA:184,45
DA:185,20
DA:186,4
DA:188,46
DA:189,64
DA:190,47
DA:193,40
DA:195,29
DA:196,19
DA:197,34
DA:198,29
DA:199,38
DA:200,6
DA:201,37
DA:202,57
DA:204,14
DA:205,20
DA:206,29
DA:207,38
DA:208,2
DA:209,19
DA:210,58
DA:211,30
DA:212,67
DA:213,51
DA:214,5
DA:215,11
DA:216,33
DA:217,2
LF:145
LH:145
end_of_record
TN:
SF:src/workers/session-manager.ts
FNF:24
FNH:24
DA:12,69
DA:14,85
DA:16,90
DA:18,82
DA:29,1
DA:31,13
DA:32,54
DA:36,10
DA:38,144
DA:40,71
DA:41,60
DA:42,9
DA:48,23
DA:49,59
DA:50,78
DA:51,68
DA:52,9
DA:58,36
DA:59,54
DA:60,64
DA:63,113
DA:64,124
DA:65,58
DA:66,162
DA:69,113
DA:70,78
DA:71,9
DA:72,9
DA:75,116
DA:76,118
DA:77,96
DA:78,158
DA:80,134
DA:81,149
DA:82,100
DA:83,9
DA:84,9
DA:87,97
DA:88,102
DA:89,43
DA:90,80
DA:91,104
DA:92,9
DA:93,9
DA:99,31
DA:105,10
DA:106,46
DA:107,62
DA:108,66
DA:109,46
DA:110,90
DA:111,66
DA:112,52
DA:113,58
DA:114,46
DA:115,44
DA:116,38
DA:117,44
DA:118,12
DA:120,96
DA:121,124
DA:123,104
DA:124,58
DA:125,58
DA:126,90
DA:127,58
DA:128,12
DA:130,35
DA:136,68
DA:137,98
DA:138,52
DA:140,62
DA:141,30
DA:142,84
DA:143,46
DA:144,12
DA:146,100
DA:147,92
DA:150,79
DA:151,35
DA:152,9
DA:155,128
DA:156,97
DA:158,154
DA:159,58
DA:160,60
DA:161,14
DA:162,32
DA:163,66
DA:164,38
DA:165,56
DA:166,64
DA:167,112
DA:168,70
DA:169,10
DA:170,6
DA:171,58
DA:172,12
DA:178,76
DA:179,98
DA:180,52
DA:182,56
DA:183,72
DA:184,82
DA:186,102
DA:187,58
DA:188,56
DA:189,14
DA:190,32
DA:191,66
DA:192,26
DA:193,18
DA:194,6
DA:195,58
DA:196,12
DA:202,46
DA:203,98
DA:204,58
DA:206,60
DA:207,102
DA:208,58
DA:209,56
DA:210,86
DA:211,58
DA:212,12
DA:214,72
DA:215,100
DA:221,44
DA:222,77
DA:228,50
DA:229,114
DA:230,95
DA:236,30
DA:237,89
DA:243,41
DA:244,123
DA:250,33
DA:251,183
DA:257,16
DA:262,10
DA:263,86
DA:264,44
DA:265,30
DA:266,36
DA:267,26
DA:268,12
DA:269,48
DA:270,32
DA:271,28
DA:272,28
DA:273,30
DA:274,26
DA:275,12
DA:277,77
DA:278,58
DA:279,62
DA:280,9
DA:282,28
DA:283,58
DA:284,26
DA:285,30
DA:286,116
DA:287,9
DA:293,32
DA:294,64
DA:295,91
DA:301,46
DA:302,28
DA:303,66
DA:304,70
DA:305,50
DA:306,94
DA:307,70
DA:308,98
DA:309,110
DA:310,58
DA:311,82
DA:312,70
DA:313,114
DA:314,48
DA:315,9
DA:318,30
DA:319,91
DA:320,26
DA:321,47
DA:322,23
DA:325,8
DA:327,2
DA:332,54
DA:335,6
DA:336,77
LF:191
LH:191
end_of_record
TN:
SF:src/workers/spawn-bootstrap.ts
FNF:1
FNH:1
DA:8,49
DA:14,3
DA:15,45
DA:16,50
DA:17,41
DA:18,5
DA:20,74
DA:21,52
DA:22,71
DA:23,4
DA:25,12
DA:26,34
DA:27,13
DA:28,20
DA:29,16
DA:30,11
DA:31,23
DA:32,7
DA:33,28
DA:34,66
DA:35,5
DA:36,21
DA:37,36
DA:38,64
DA:39,39
DA:41,21
DA:42,178
DA:46,7
DA:47,5
DA:48,6
DA:49,42
DA:50,21
DA:51,2
LF:33
LH:33
end_of_record
TN:
SF:src/workers/spawn-env.ts
FNF:4
FNH:4
DA:5,46
DA:6,17
DA:8,21
DA:9,34
DA:10,2
DA:12,63
DA:13,62
DA:14,32
DA:15,50
DA:16,38
DA:17,27
DA:18,5
DA:19,6
DA:20,4
DA:21,2
DA:22,2
DA:24,12
DA:28,31
DA:29,9
DA:30,16
DA:31,3
DA:32,32
DA:33,26
DA:35,37
DA:36,26
DA:38,30
DA:39,16
DA:40,2
DA:42,59
DA:43,24
DA:44,50
DA:45,35
DA:46,51
DA:47,4
DA:48,4
DA:49,74
DA:50,35
DA:51,2
DA:53,8
DA:57,51
DA:58,58
DA:59,15
DA:60,2
DA:61,16
LF:44
LH:44
end_of_record
TN:
SF:src/workers/spawn-helpers.ts
FNF:9
FNH:9
DA:2,70
DA:5,42
DA:6,70
DA:7,14
DA:11,50
DA:12,74
DA:13,19
DA:14,58
DA:15,53
DA:16,28
DA:17,81
DA:18,85
DA:19,98
DA:20,2
DA:21,9
DA:22,32
DA:23,11
DA:24,25
DA:29,58
DA:30,12
DA:31,47
DA:32,31
DA:33,60
DA:34,54
DA:35,13
DA:36,4
DA:38,58
DA:39,36
DA:40,3
DA:44,36
DA:45,83
LF:31
LH:31
end_of_record
TN:
SF:src/workers/spawn-model.ts
FNF:2
FNH:2
DA:3,69
DA:13,43
DA:22,3
DA:23,47
DA:24,81
DA:25,45
DA:27,28
DA:28,36
DA:29,16
DA:30,150
DA:32,1
DA:33,4
DA:34,46
DA:35,2
DA:37,80
DA:39,99
DA:40,64
DA:41,29
DA:42,31
DA:43,52
DA:44,37
DA:45,38
DA:46,5
DA:47,12
DA:48,57
DA:49,12
DA:50,15
DA:51,2
LF:28
LH:28
end_of_record
TN:
SF:src/workers/spawn-plugin.ts
FNF:2
FNH:2
DA:1,37
DA:2,42
DA:3,41
DA:6,52
DA:7,95
DA:9,9
DA:10,60
DA:11,68
DA:12,59
DA:13,76
DA:14,61
DA:15,2
DA:19,83
DA:20,53
DA:22,2
DA:26,46
DA:27,15
DA:28,37
DA:29,9
DA:30,27
DA:31,11
DA:32,12
LF:22
LH:22
end_of_record
TN:
SF:src/workers/spawn-server.ts
FNF:8
FNH:8
DA:3,46
DA:11,41
DA:18,3
DA:19,75
DA:20,70
DA:22,49
DA:24,26
DA:25,61
DA:26,2
DA:28,23
DA:29,18
DA:30,29
DA:31,21
DA:32,29
DA:33,22
DA:34,3
DA:35,18
DA:36,44
DA:37,52
DA:38,13
DA:39,70
DA:41,50
DA:42,51
DA:43,13
DA:44,73
DA:46,3
DA:50,43
DA:55,3
DA:56,43
DA:57,9
DA:58,26
DA:59,35
DA:60,44
DA:61,34
DA:62,23
DA:63,6
DA:64,97
DA:65,19
DA:66,18
DA:71,66
DA:72,36
DA:73,41
DA:74,34
DA:75,9
DA:76,34
DA:77,38
DA:78,84
DA:79,9
DA:82,27
DA:83,26
LF:50
LH:50
end_of_record
TN:
SF:src/workers/spawn.ts
FNF:7
FNH:7
DA:4,77
DA:6,96
DA:8,61
DA:9,79
DA:12,61
DA:13,88
DA:14,99
DA:15,52
DA:16,84
DA:17,101
DA:48,12
DA:64,3
DA:65,32
DA:66,80
DA:67,77
DA:68,80
DA:69,71
DA:70,71
DA:71,86
DA:72,92
DA:73,83
DA:74,80
DA:75,95
DA:76,65
DA:77,89
DA:78,56
DA:79,110
DA:80,80
DA:81,74
DA:82,80
DA:83,104
DA:85,11
DA:86,29
DA:87,12
DA:88,19
DA:89,33
DA:90,19
DA:91,31
DA:92,27
DA:93,41
DA:94,34
DA:95,5
DA:98,34
DA:99,45
DA:100,2
DA:101,66
DA:102,112
DA:103,2
DA:105,31
DA:106,66
DA:107,39
DA:109,24
DA:110,96
DA:111,47
DA:112,47
DA:113,12
DA:114,2
DA:116,55
DA:117,45
DA:118,34
DA:119,5
DA:120,78
DA:123,94
DA:126,56
DA:129,52
DA:130,76
DA:132,22
DA:133,29
DA:134,23
DA:135,24
DA:136,31
DA:137,24
DA:138,20
DA:139,16
DA:140,43
DA:141,20
DA:142,14
DA:143,4
DA:145,36
DA:148,31
DA:149,35
DA:150,76
DA:151,41
DA:152,30
DA:153,15
DA:154,43
DA:156,5
DA:159,9
DA:160,92
DA:161,27
DA:162,99
DA:163,82
DA:165,22
DA:166,43
DA:167,7
DA:168,16
DA:169,20
DA:170,39
DA:171,48
DA:172,7
DA:173,5
DA:174,3
DA:175,13
DA:177,49
DA:178,7
DA:179,35
DA:180,20
DA:181,29
DA:182,45
DA:183,85
DA:184,35
DA:185,3
DA:186,7
DA:187,35
DA:188,46
DA:189,1
DA:190,6
DA:193,60
DA:194,48
DA:195,29
DA:196,4
DA:198,62
DA:200,52
DA:201,21
DA:202,15
DA:203,26
DA:204,33
DA:205,27
DA:206,43
DA:207,7
DA:208,83
DA:210,55
DA:211,13
DA:212,33
DA:213,33
DA:214,44
DA:215,7
DA:216,48
DA:217,24
DA:218,91
DA:219,82
DA:220,71
DA:221,46
DA:222,53
DA:223,11
DA:224,39
DA:225,24
DA:226,33
DA:227,49
DA:228,83
DA:229,3
DA:230,11
DA:231,39
DA:232,47
DA:233,1
DA:234,10
DA:235,52
DA:236,25
DA:237,19
DA:238,30
DA:239,37
DA:240,35
DA:241,42
DA:242,12
DA:243,84
DA:244,55
DA:245,17
DA:246,37
DA:247,37
DA:248,48
DA:249,11
DA:250,46
DA:251,4
DA:252,4
DA:254,24
DA:255,91
DA:256,23
DA:257,4
DA:259,36
DA:261,55
DA:262,76
DA:263,13
DA:265,47
DA:266,64
DA:267,56
DA:268,28
DA:269,33
DA:270,31
DA:271,24
DA:272,15
DA:273,7
DA:274,49
DA:276,111
DA:278,30
DA:279,37
DA:280,61
DA:283,23
DA:286,54
DA:287,46
DA:288,37
DA:289,38
DA:290,26
DA:291,47
DA:292,35
DA:293,7
DA:294,4
DA:297,83
DA:298,114
DA:299,118
DA:300,27
DA:301,7
DA:302,4
DA:304,16
DA:305,19
DA:307,23
DA:309,58
DA:310,30
DA:311,30
DA:312,71
DA:315,54
DA:316,58
DA:317,4
DA:320,36
DA:322,11
DA:323,33
DA:324,11
DA:329,50
DA:331,12
DA:339,35
DA:340,32
DA:341,46
DA:342,50
DA:343,1
LF:233
LH:233
end_of_record
TN:
SF:src/workflows/builtins.ts
FNF:1
FNH:1
DA:3,11
DA:4,12
DA:5,7
DA:6,23
DA:7,25
DA:8,75
DA:9,16
DA:10,11
DA:11,28
DA:12,32
DA:13,31
DA:14,8
DA:15,122
DA:17,19
DA:18,10
DA:19,11
DA:20,27
DA:21,31
DA:22,28
DA:23,8
DA:24,124
DA:27,19
DA:28,10
DA:29,11
DA:30,30
DA:31,31
DA:32,31
DA:33,8
DA:34,124
DA:37,7
DA:38,5
DA:39,6
DA:40,7
DA:41,27
DA:42,29
DA:43,72
DA:44,16
DA:45,11
DA:46,34
DA:47,31
DA:48,31
DA:49,8
DA:50,114
DA:52,19
DA:53,10
DA:54,11
DA:55,32
DA:56,35
DA:57,31
DA:58,8
DA:59,127
DA:62,19
DA:63,10
DA:64,11
DA:65,37
DA:66,35
DA:67,32
DA:68,8
DA:69,118
DA:72,7
DA:73,5
DA:74,6
DA:75,7
DA:76,26
DA:77,28
DA:78,75
DA:79,16
DA:80,11
DA:81,24
DA:82,29
DA:83,25
DA:84,112
DA:85,19
DA:86,10
DA:87,11
DA:88,23
DA:89,40
DA:90,28
DA:91,8
DA:92,114
DA:95,19
DA:96,10
DA:97,11
DA:98,26
DA:99,32
DA:100,25
DA:101,8
DA:102,114
DA:105,7
DA:106,5
DA:107,6
DA:108,7
DA:109,35
DA:110,37
DA:111,80
DA:112,16
DA:113,11
DA:114,21
DA:115,32
DA:116,30
DA:117,8
DA:118,116
DA:120,19
DA:121,10
DA:122,11
DA:123,29
DA:124,37
DA:125,32
DA:126,8
DA:127,110
DA:130,19
DA:131,10
DA:132,11
DA:133,31
DA:134,40
DA:135,28
DA:136,8
DA:137,115
DA:140,19
DA:141,10
DA:142,11
DA:143,23
DA:144,31
DA:145,31
DA:146,8
DA:147,104
DA:150,7
DA:151,5
DA:152,6
DA:153,7
DA:154,24
DA:155,26
DA:156,81
DA:157,16
DA:158,11
DA:159,25
DA:160,28
DA:161,30
DA:162,107
DA:163,19
DA:164,10
DA:165,11
DA:166,24
DA:167,36
DA:168,27
DA:169,8
DA:170,135
DA:173,19
DA:174,10
DA:175,11
DA:176,27
DA:177,30
DA:178,31
DA:179,8
DA:180,111
DA:183,7
DA:184,5
DA:185,3
DA:186,1
LF:159
LH:159
end_of_record
TN:
SF:src/workflows/factory.ts
FNF:16
FNH:16
DA:2,50
DA:23,20
DA:24,21
DA:25,53
DA:26,42
DA:27,2
DA:28,10
DA:31,30
DA:32,35
DA:33,37
DA:34,49
DA:37,23
DA:38,59
DA:39,42
DA:40,12
DA:43,38
DA:44,12
DA:45,3
DA:46,28
DA:48,30
DA:49,32
DA:52,82
DA:54,38
DA:56,32
DA:57,43
DA:58,81
DA:60,57
DA:61,76
DA:62,4
DA:64,57
DA:65,99
DA:66,4
DA:68,33
DA:69,21
DA:70,19
DA:72,56
DA:73,37
DA:74,37
DA:75,88
DA:76,62
DA:77,63
DA:78,58
DA:79,46
DA:80,9
DA:81,38
DA:83,26
DA:84,22
DA:85,22
DA:86,28
DA:87,19
DA:88,26
DA:89,46
DA:90,33
DA:91,35
DA:92,46
DA:93,11
DA:94,5
DA:95,6
DA:97,42
DA:98,20
DA:99,20
DA:100,26
DA:101,17
DA:102,26
DA:103,17
DA:104,31
DA:105,33
DA:106,44
DA:107,9
DA:109,24
DA:110,68
DA:111,73
DA:112,4
DA:113,4
DA:115,14
DA:116,30
DA:117,34
DA:118,16
DA:119,29
DA:120,9
DA:121,5
DA:124,23
DA:125,46
DA:126,28
DA:127,64
DA:130,12
DA:131,13
DA:132,9
DA:133,8
DA:134,8
DA:135,10
DA:136,17
DA:137,28
DA:139,28
DA:140,2
LF:95
LH:95
end_of_record
TN:
SF:test/helpers/core-runtime.ts
FNF:5
FNH:5
DA:1,42
DA:2,62
DA:3,53
DA:4,60
DA:5,46
DA:7,56
DA:8,67
DA:9,49
DA:11,12
DA:15,3
DA:16,23
DA:17,27
DA:18,26
DA:19,26
DA:20,4
DA:22,27
DA:23,74
DA:24,10
DA:25,5
DA:26,75
DA:27,82
DA:28,41
DA:29,15
DA:30,32
DA:31,37
DA:32,33
DA:33,32
DA:34,44
DA:35,37
DA:36,6
DA:37,38
DA:38,5
DA:39,81
DA:40,104
DA:41,84
DA:43,24
DA:44,26
DA:45,29
DA:47,22
DA:48,30
DA:49,41
DA:50,80
DA:51,27
DA:52,25
DA:53,24
DA:54,31
DA:55,23
DA:58,92
LF:48
LH:48
end_of_record
TN:
SF:test/helpers/e2e-env.ts
FNF:6
FNH:6
DA:7,37
DA:8,81
DA:9,34
DA:10,32
DA:25,39
DA:26,62
DA:27,43
DA:28,38
DA:29,55
DA:30,46
DA:32,56
DA:33,34
DA:34,11
DA:35,55
DA:36,37
DA:37,82
DA:38,115
DA:39,6
DA:40,88
DA:41,13
DA:42,69
DA:44,2
DA:46,53
DA:47,34
DA:48,45
DA:49,41
DA:50,52
DA:51,2
DA:54,17
DA:55,22
DA:56,49
DA:57,45
DA:58,47
DA:59,47
DA:60,66
DA:61,4
DA:63,43
DA:64,41
DA:65,58
DA:67,41
DA:68,37
DA:69,39
DA:70,39
DA:72,23
DA:73,42
DA:74,40
DA:75,41
DA:76,38
DA:77,5
DA:79,42
DA:80,38
DA:81,40
DA:82,40
DA:83,56
DA:85,93
DA:87,12
DA:88,9
DA:89,21
DA:90,84
DA:91,6
DA:93,80
DA:94,6
DA:96,88
DA:97,70
DA:99,82
DA:100,6
DA:102,104
DA:103,6
DA:105,1
LF:69
LH:69
end_of_record
TN:
SF:test/helpers/fixtures-factories.ts
FNF:4
FNH:4
DA:2,79
DA:5,24
DA:6,15
DA:7,25
DA:8,7
DA:9,26
DA:10,11
DA:11,2
DA:15,20
DA:16,15
DA:17,27
DA:18,14
DA:19,20
DA:20,38
DA:21,23
DA:22,6
DA:23,14
DA:24,32
DA:25,17
DA:26,3
DA:27,2
DA:39,16
DA:44,3
DA:45,27
DA:46,24
DA:47,16
DA:48,11
DA:49,28
DA:50,27
DA:51,21
DA:52,29
DA:53,31
DA:54,33
DA:55,51
DA:56,11
DA:57,9
DA:58,7
DA:59,6
DA:61,32
DA:62,16
DA:63,11
DA:64,26
DA:65,24
DA:66,28
DA:67,21
DA:68,32
DA:69,34
DA:70,36
DA:71,51
DA:72,11
DA:73,9
DA:74,10
DA:75,11
DA:76,28
DA:77,27
DA:78,21
DA:79,32
DA:80,34
DA:81,44
DA:82,51
DA:83,11
DA:84,9
DA:85,7
DA:86,6
DA:88,23
DA:89,16
DA:90,11
DA:91,32
DA:92,24
DA:93,26
DA:94,21
DA:95,27
DA:96,29
DA:97,35
DA:98,31
DA:99,48
DA:100,13
DA:101,11
DA:102,9
DA:103,7
DA:104,6
DA:106,23
DA:107,16
DA:108,11
DA:109,26
DA:110,24
DA:111,25
DA:112,21
DA:113,32
DA:114,34
DA:115,33
DA:116,11
DA:117,9
DA:118,7
DA:119,6
DA:121,20
DA:122,16
DA:123,11
DA:124,27
DA:125,27
DA:126,21
DA:127,26
DA:128,28
DA:129,30
DA:130,22
DA:131,14
DA:132,26
DA:133,28
DA:134,30
DA:135,22
DA:136,11
DA:137,9
DA:138,7
DA:139,6
DA:141,26
DA:142,16
DA:143,11
DA:144,25
DA:145,24
DA:146,26
DA:147,21
DA:148,28
DA:149,30
DA:150,32
DA:151,28
DA:152,14
DA:153,28
DA:154,30
DA:155,32
DA:156,29
DA:157,11
DA:158,9
DA:159,7
DA:160,1
DA:163,1
DA:168,6
DA:169,7
DA:170,9
DA:182,3
DA:183,13
DA:191,5
DA:193,23
DA:194,51
DA:196,35
DA:197,83
DA:199,12
DA:207,7
DA:208,21
DA:209,34
DA:210,29
DA:211,56
DA:212,38
DA:213,6
DA:215,30
DA:216,75
DA:217,40
DA:218,4
DA:220,17
DA:221,2
DA:223,11
LF:160
LH:160
end_of_record
TN:
SF:test/helpers/fixtures-manager.ts
FNF:18
FNH:18
DA:8,37
DA:9,73
DA:10,42
DA:32,37
DA:33,18
DA:34,15
DA:35,12
DA:36,19
DA:37,20
DA:38,25
DA:39,27
DA:40,9
DA:41,18
DA:42,28
DA:43,2
DA:44,2
DA:46,38
DA:47,20
DA:48,22
DA:49,31
DA:50,30
DA:51,34
DA:52,17
DA:53,2
DA:56,20
DA:57,56
DA:58,22
DA:59,20
DA:60,46
DA:61,31
DA:62,37
DA:63,37
DA:64,40
DA:65,19
DA:66,4
DA:68,11
DA:69,13
DA:70,83
DA:72,13
DA:73,67
DA:74,43
DA:76,21
DA:77,33
DA:78,17
DA:79,26
DA:80,44
DA:81,25
DA:82,12
DA:83,20
DA:84,38
DA:85,19
DA:86,9
DA:87,2
DA:88,23
DA:89,89
DA:90,5
DA:94,13
DA:95,72
DA:97,13
DA:98,68
DA:99,43
DA:101,21
DA:102,34
DA:103,14
DA:104,2
DA:105,23
DA:106,90
DA:107,5
DA:111,9
DA:112,51
DA:113,56
DA:115,76
DA:116,29
DA:118,19
DA:121,10
DA:122,22
DA:125,9
DA:126,66
DA:128,13
DA:129,54
DA:130,82
DA:131,15
DA:132,14
DA:136,9
DA:137,55
DA:139,13
DA:140,55
DA:141,82
DA:142,15
DA:143,14
DA:147,9
DA:148,24
DA:150,36
DA:151,15
DA:152,40
DA:153,65
DA:154,9
DA:155,25
DA:156,33
DA:158,6
DA:160,26
DA:162,31
DA:163,75
DA:164,7
DA:166,1
LF:105
LH:105
end_of_record
TN:
SF:test/helpers/fixtures.ts
FNF:1
FNH:1
DA:2,112
DA:4,98
LF:2
LH:2
end_of_record
